{"meta": {"format": 3, "version": "7.10.5", "timestamp": "2025-08-25T12:17:55.438591", "branch_coverage": false, "show_contexts": false}, "files": {"src/openapi_doc_generator/__init__.py": {"executed_lines": [1, 3, 5, 6, 7, 8, 9, 10, 11, 12, 13, 14, 15, 16, 18, 19, 23, 24, 30, 31, 34, 41, 44, 51, 58, 61, 68, 90], "summary": {"covered_lines": 25, "num_statements": 25, "percent_covered": 100.0, "percent_covered_display": "100.00", "missing_lines": 0, "excluded_lines": 4}, "missing_lines": [], "excluded_lines": [18, 19, 20, 21], "functions": {"": {"executed_lines": [1, 3, 5, 6, 7, 8, 9, 10, 11, 12, 13, 14, 15, 16, 18, 19, 23, 24, 30, 31, 34, 41, 44, 51, 58, 61, 68, 90], "summary": {"covered_lines": 25, "num_statements": 25, "percent_covered": 100.0, "percent_covered_display": "100.00", "missing_lines": 0, "excluded_lines": 4}, "missing_lines": [], "excluded_lines": [18, 19, 20, 21]}}, "classes": {"": {"executed_lines": [1, 3, 5, 6, 7, 8, 9, 10, 11, 12, 13, 14, 15, 16, 18, 19, 23, 24, 30, 31, 34, 41, 44, 51, 58, 61, 68, 90], "summary": {"covered_lines": 25, "num_statements": 25, "percent_covered": 100.0, "percent_covered_display": "100.00", "missing_lines": 0, "excluded_lines": 4}, "missing_lines": [], "excluded_lines": [18, 19, 20, 21]}}}, "src/openapi_doc_generator/actionable_errors.py": {"executed_lines": [], "summary": {"covered_lines": 0, "num_statements": 116, "percent_covered": 0.0, "percent_covered_display": "0.00", "missing_lines": 116, "excluded_lines": 0}, "missing_lines": [3, 4, 5, 6, 9, 11, 12, 13, 14, 15, 16, 17, 20, 21, 23, 24, 25, 28, 29, 31, 32, 33, 34, 35, 36, 39, 40, 42, 43, 44, 45, 46, 47, 48, 51, 54, 55, 56, 58, 60, 70, 72, 186, 188, 191, 192, 193, 194, 195, 196, 199, 226, 229, 232, 235, 236, 237, 238, 239, 240, 243, 244, 246, 248, 249, 250, 251, 252, 254, 255, 256, 258, 260, 262, 263, 264, 266, 268, 270, 273, 274, 277, 278, 279, 280, 281, 282, 283, 284, 285, 288, 289, 290, 291, 292, 293, 294, 295, 296, 297, 298, 299, 302, 303, 304, 305, 306, 309, 310, 311, 312, 314, 318, 321, 323, 324], "excluded_lines": [], "functions": {"ActionableErrorHandler.__init__": {"executed_lines": [], "summary": {"covered_lines": 0, "num_statements": 2, "percent_covered": 0.0, "percent_covered_display": "0.00", "missing_lines": 2, "excluded_lines": 0}, "missing_lines": [55, 56], "excluded_lines": []}, "ActionableErrorHandler._initialize_error_patterns": {"executed_lines": [], "summary": {"covered_lines": 0, "num_statements": 1, "percent_covered": 0.0, "percent_covered_display": "0.00", "missing_lines": 1, "excluded_lines": 0}, "missing_lines": [60], "excluded_lines": []}, "ActionableErrorHandler._initialize_guidance_templates": {"executed_lines": [], "summary": {"covered_lines": 0, "num_statements": 1, "percent_covered": 0.0, "percent_covered_display": "0.00", "missing_lines": 1, "excluded_lines": 0}, "missing_lines": [72], "excluded_lines": []}, "ActionableErrorHandler.handle_error": {"executed_lines": [], "summary": {"covered_lines": 0, "num_statements": 8, "percent_covered": 0.0, "percent_covered_display": "0.00", "missing_lines": 8, "excluded_lines": 0}, "missing_lines": [188, 191, 192, 193, 194, 195, 196, 199], "excluded_lines": []}, "ActionableErrorHandler._customize_template": {"executed_lines": [], "summary": {"covered_lines": 0, "num_statements": 10, "percent_covered": 0.0, "percent_covered_display": "0.00", "missing_lines": 10, "excluded_lines": 0}, "missing_lines": [229, 232, 235, 236, 237, 238, 239, 240, 243, 244], "excluded_lines": []}, "ActionableErrorHandler._customize_dependency_error": {"executed_lines": [], "summary": {"covered_lines": 0, "num_statements": 9, "percent_covered": 0.0, "percent_covered_display": "0.00", "missing_lines": 9, "excluded_lines": 0}, "missing_lines": [248, 249, 250, 251, 252, 254, 255, 256, 258], "excluded_lines": []}, "ActionableErrorHandler._customize_file_error": {"executed_lines": [], "summary": {"covered_lines": 0, "num_statements": 4, "percent_covered": 0.0, "percent_covered_display": "0.00", "missing_lines": 4, "excluded_lines": 0}, "missing_lines": [262, 263, 264, 266], "excluded_lines": []}, "ActionableErrorHandler.format_error_message": {"executed_lines": [], "summary": {"covered_lines": 0, "num_statements": 34, "percent_covered": 0.0, "percent_covered_display": "0.00", "missing_lines": 34, "excluded_lines": 0}, "missing_lines": [270, 273, 274, 277, 278, 279, 280, 281, 282, 283, 284, 285, 288, 289, 290, 291, 292, 293, 294, 295, 296, 297, 298, 299, 302, 303, 304, 305, 306, 309, 310, 311, 312, 314], "excluded_lines": []}, "handle_user_facing_error": {"executed_lines": [], "summary": {"covered_lines": 0, "num_statements": 2, "percent_covered": 0.0, "percent_covered_display": "0.00", "missing_lines": 2, "excluded_lines": 0}, "missing_lines": [323, 324], "excluded_lines": []}, "": {"executed_lines": [], "summary": {"covered_lines": 0, "num_statements": 45, "percent_covered": 0.0, "percent_covered_display": "0.00", "missing_lines": 45, "excluded_lines": 0}, "missing_lines": [3, 4, 5, 6, 9, 11, 12, 13, 14, 15, 16, 17, 20, 21, 23, 24, 25, 28, 29, 31, 32, 33, 34, 35, 36, 39, 40, 42, 43, 44, 45, 46, 47, 48, 51, 54, 58, 70, 186, 226, 246, 260, 268, 318, 321], "excluded_lines": []}}, "classes": {"ErrorCategory": {"executed_lines": [], "summary": {"covered_lines": 0, "num_statements": 0, "percent_covered": 100.0, "percent_covered_display": "100.00", "missing_lines": 0, "excluded_lines": 0}, "missing_lines": [], "excluded_lines": []}, "QuickFix": {"executed_lines": [], "summary": {"covered_lines": 0, "num_statements": 0, "percent_covered": 100.0, "percent_covered_display": "100.00", "missing_lines": 0, "excluded_lines": 0}, "missing_lines": [], "excluded_lines": []}, "DetailedStep": {"executed_lines": [], "summary": {"covered_lines": 0, "num_statements": 0, "percent_covered": 100.0, "percent_covered_display": "100.00", "missing_lines": 0, "excluded_lines": 0}, "missing_lines": [], "excluded_lines": []}, "ActionableError": {"executed_lines": [], "summary": {"covered_lines": 0, "num_statements": 0, "percent_covered": 100.0, "percent_covered_display": "100.00", "missing_lines": 0, "excluded_lines": 0}, "missing_lines": [], "excluded_lines": []}, "ActionableErrorHandler": {"executed_lines": [], "summary": {"covered_lines": 0, "num_statements": 69, "percent_covered": 0.0, "percent_covered_display": "0.00", "missing_lines": 69, "excluded_lines": 0}, "missing_lines": [55, 56, 60, 72, 188, 191, 192, 193, 194, 195, 196, 199, 229, 232, 235, 236, 237, 238, 239, 240, 243, 244, 248, 249, 250, 251, 252, 254, 255, 256, 258, 262, 263, 264, 266, 270, 273, 274, 277, 278, 279, 280, 281, 282, 283, 284, 285, 288, 289, 290, 291, 292, 293, 294, 295, 296, 297, 298, 299, 302, 303, 304, 305, 306, 309, 310, 311, 312, 314], "excluded_lines": []}, "": {"executed_lines": [], "summary": {"covered_lines": 0, "num_statements": 47, "percent_covered": 0.0, "percent_covered_display": "0.00", "missing_lines": 47, "excluded_lines": 0}, "missing_lines": [3, 4, 5, 6, 9, 11, 12, 13, 14, 15, 16, 17, 20, 21, 23, 24, 25, 28, 29, 31, 32, 33, 34, 35, 36, 39, 40, 42, 43, 44, 45, 46, 47, 48, 51, 54, 58, 70, 186, 226, 246, 260, 268, 318, 321, 323, 324], "excluded_lines": []}}}, "src/openapi_doc_generator/advanced_caching.py": {"executed_lines": [1, 8, 9, 10, 11, 12, 13, 14, 16, 19, 20, 21, 22, 23, 24, 25, 26, 27, 29, 30, 36, 37, 38, 39, 40, 41, 42, 43, 44, 46, 48, 50, 52, 58, 59, 61, 62, 63, 64, 66, 67, 68, 70, 72, 73, 90, 91, 93, 95, 97, 100, 106, 115, 118, 119, 121, 123, 124, 125, 126, 140, 143, 154, 155, 160, 165, 171, 184, 185, 187, 188, 191, 192, 193, 194, 196, 198, 203, 208, 210, 212, 214, 216, 220, 224, 226, 228, 230, 232, 234, 235, 236, 240, 241, 242, 246, 252, 260, 271, 272, 275, 278, 279, 280, 281, 284, 286, 287, 288, 291, 292, 293, 294, 297, 299, 301, 303, 304, 308, 312, 315, 317, 319, 321, 322, 324, 326, 327, 328, 330], "summary": {"covered_lines": 125, "num_statements": 189, "percent_covered": 66.13756613756614, "percent_covered_display": "66.14", "missing_lines": 64, "excluded_lines": 0}, "missing_lines": [32, 33, 49, 54, 55, 74, 77, 78, 79, 80, 81, 84, 85, 87, 88, 101, 102, 103, 129, 130, 131, 132, 133, 134, 136, 137, 138, 145, 146, 149, 150, 151, 161, 162, 163, 167, 168, 169, 173, 174, 200, 201, 205, 206, 218, 222, 237, 243, 244, 250, 254, 255, 256, 257, 258, 262, 298, 300, 302, 306, 309, 316, 318, 320], "excluded_lines": [], "functions": {"CacheStats.hit_rate": {"executed_lines": [], "summary": {"covered_lines": 0, "num_statements": 2, "percent_covered": 0.0, "percent_covered_display": "0.00", "missing_lines": 2, "excluded_lines": 0}, "missing_lines": [32, 33], "excluded_lines": []}, "CacheEntry.is_expired": {"executed_lines": [48, 50], "summary": {"covered_lines": 2, "num_statements": 3, "percent_covered": 66.66666666666667, "percent_covered_display": "66.67", "missing_lines": 1, "excluded_lines": 0}, "missing_lines": [49], "excluded_lines": []}, "CacheEntry.touch": {"executed_lines": [], "summary": {"covered_lines": 0, "num_statements": 2, "percent_covered": 0.0, "percent_covered_display": "0.00", "missing_lines": 2, "excluded_lines": 0}, "missing_lines": [54, 55], "excluded_lines": []}, "LRUTTLCache.__init__": {"executed_lines": [62, 63, 64, 66, 67, 68], "summary": {"covered_lines": 6, "num_statements": 6, "percent_covered": 100.0, "percent_covered_display": "100.00", "missing_lines": 0, "excluded_lines": 0}, "missing_lines": [], "excluded_lines": []}, "LRUTTLCache.get": {"executed_lines": [72, 73, 90, 91], "summary": {"covered_lines": 4, "num_statements": 14, "percent_covered": 28.571428571428573, "percent_covered_display": "28.57", "missing_lines": 10, "excluded_lines": 0}, "missing_lines": [74, 77, 78, 79, 80, 81, 84, 85, 87, 88], "excluded_lines": []}, "LRUTTLCache.put": {"executed_lines": [95, 97, 100, 106, 115, 118, 119], "summary": {"covered_lines": 7, "num_statements": 10, "percent_covered": 70.0, "percent_covered_display": "70.00", "missing_lines": 3, "excluded_lines": 0}, "missing_lines": [101, 102, 103], "excluded_lines": []}, "LRUTTLCache._estimate_size": {"executed_lines": [123, 124, 125, 126], "summary": {"covered_lines": 4, "num_statements": 13, "percent_covered": 30.76923076923077, "percent_covered_display": "30.77", "missing_lines": 9, "excluded_lines": 0}, "missing_lines": [129, 130, 131, 132, 133, 134, 136, 137, 138], "excluded_lines": []}, "LRUTTLCache._evict_if_needed": {"executed_lines": [143, 154, 155, 160], "summary": {"covered_lines": 4, "num_statements": 12, "percent_covered": 33.333333333333336, "percent_covered_display": "33.33", "missing_lines": 8, "excluded_lines": 0}, "missing_lines": [145, 146, 149, 150, 151, 161, 162, 163], "excluded_lines": []}, "LRUTTLCache.clear": {"executed_lines": [], "summary": {"covered_lines": 0, "num_statements": 3, "percent_covered": 0.0, "percent_covered_display": "0.00", "missing_lines": 3, "excluded_lines": 0}, "missing_lines": [167, 168, 169], "excluded_lines": []}, "LRUTTLCache.get_stats": {"executed_lines": [], "summary": {"covered_lines": 0, "num_statements": 2, "percent_covered": 0.0, "percent_covered_display": "0.00", "missing_lines": 2, "excluded_lines": 0}, "missing_lines": [173, 174], "excluded_lines": []}, "AdaptiveCache.__init__": {"executed_lines": [188, 191, 192, 193, 194, 196], "summary": {"covered_lines": 6, "num_statements": 6, "percent_covered": 100.0, "percent_covered_display": "100.00", "missing_lines": 0, "excluded_lines": 0}, "missing_lines": [], "excluded_lines": []}, "AdaptiveCache.get_ast": {"executed_lines": [], "summary": {"covered_lines": 0, "num_statements": 2, "percent_covered": 0.0, "percent_covered_display": "0.00", "missing_lines": 2, "excluded_lines": 0}, "missing_lines": [200, 201], "excluded_lines": []}, "AdaptiveCache.put_ast": {"executed_lines": [], "summary": {"covered_lines": 0, "num_statements": 2, "percent_covered": 0.0, "percent_covered_display": "0.00", "missing_lines": 2, "excluded_lines": 0}, "missing_lines": [205, 206], "excluded_lines": []}, "AdaptiveCache.get_routes": {"executed_lines": [210], "summary": {"covered_lines": 1, "num_statements": 1, "percent_covered": 100.0, "percent_covered_display": "100.00", "missing_lines": 0, "excluded_lines": 0}, "missing_lines": [], "excluded_lines": []}, "AdaptiveCache.put_routes": {"executed_lines": [214], "summary": {"covered_lines": 1, "num_statements": 1, "percent_covered": 100.0, "percent_covered_display": "100.00", "missing_lines": 0, "excluded_lines": 0}, "missing_lines": [], "excluded_lines": []}, "AdaptiveCache.get_schema": {"executed_lines": [], "summary": {"covered_lines": 0, "num_statements": 1, "percent_covered": 0.0, "percent_covered_display": "0.00", "missing_lines": 1, "excluded_lines": 0}, "missing_lines": [218], "excluded_lines": []}, "AdaptiveCache.put_schema": {"executed_lines": [], "summary": {"covered_lines": 0, "num_statements": 1, "percent_covered": 0.0, "percent_covered_display": "0.00", "missing_lines": 1, "excluded_lines": 0}, "missing_lines": [222], "excluded_lines": []}, "AdaptiveCache.get_documentation": {"executed_lines": [226], "summary": {"covered_lines": 1, "num_statements": 1, "percent_covered": 100.0, "percent_covered_display": "100.00", "missing_lines": 0, "excluded_lines": 0}, "missing_lines": [], "excluded_lines": []}, "AdaptiveCache.put_documentation": {"executed_lines": [230], "summary": {"covered_lines": 1, "num_statements": 1, "percent_covered": 100.0, "percent_covered_display": "100.00", "missing_lines": 0, "excluded_lines": 0}, "missing_lines": [], "excluded_lines": []}, "AdaptiveCache.compute_file_hash": {"executed_lines": [234, 235, 236, 240, 241, 242], "summary": {"covered_lines": 6, "num_statements": 9, "percent_covered": 66.66666666666667, "percent_covered_display": "66.67", "missing_lines": 3, "excluded_lines": 0}, "missing_lines": [237, 243, 244], "excluded_lines": []}, "AdaptiveCache.invalidate_file": {"executed_lines": [], "summary": {"covered_lines": 0, "num_statements": 1, "percent_covered": 0.0, "percent_covered_display": "0.00", "missing_lines": 1, "excluded_lines": 0}, "missing_lines": [250], "excluded_lines": []}, "AdaptiveCache.clear_all": {"executed_lines": [], "summary": {"covered_lines": 0, "num_statements": 5, "percent_covered": 0.0, "percent_covered_display": "0.00", "missing_lines": 5, "excluded_lines": 0}, "missing_lines": [254, 255, 256, 257, 258], "excluded_lines": []}, "AdaptiveCache.get_overall_stats": {"executed_lines": [], "summary": {"covered_lines": 0, "num_statements": 1, "percent_covered": 0.0, "percent_covered_display": "0.00", "missing_lines": 1, "excluded_lines": 0}, "missing_lines": [262], "excluded_lines": []}, "get_cache": {"executed_lines": [278, 279, 280, 281], "summary": {"covered_lines": 4, "num_statements": 4, "percent_covered": 100.0, "percent_covered_display": "100.00", "missing_lines": 0, "excluded_lines": 0}, "missing_lines": [], "excluded_lines": []}, "cached_operation": {"executed_lines": [286, 330], "summary": {"covered_lines": 2, "num_statements": 2, "percent_covered": 100.0, "percent_covered_display": "100.00", "missing_lines": 0, "excluded_lines": 0}, "missing_lines": [], "excluded_lines": []}, "cached_operation.decorator": {"executed_lines": [287, 326, 327, 328], "summary": {"covered_lines": 4, "num_statements": 4, "percent_covered": 100.0, "percent_covered_display": "100.00", "missing_lines": 0, "excluded_lines": 0}, "missing_lines": [], "excluded_lines": []}, "cached_operation.decorator.wrapper": {"executed_lines": [288, 291, 292, 293, 294, 297, 299, 301, 303, 304, 308, 312, 315, 317, 319, 321, 322, 324], "summary": {"covered_lines": 18, "num_statements": 26, "percent_covered": 69.23076923076923, "percent_covered_display": "69.23", "missing_lines": 8, "excluded_lines": 0}, "missing_lines": [298, 300, 302, 306, 309, 316, 318, 320], "excluded_lines": []}, "": {"executed_lines": [1, 8, 9, 10, 11, 12, 13, 14, 16, 19, 20, 21, 22, 23, 24, 25, 26, 27, 29, 30, 36, 37, 38, 39, 40, 41, 42, 43, 44, 46, 52, 58, 59, 61, 70, 93, 121, 140, 165, 171, 184, 185, 187, 198, 203, 208, 212, 216, 220, 224, 228, 232, 246, 252, 260, 271, 272, 275, 284], "summary": {"covered_lines": 54, "num_statements": 54, "percent_covered": 100.0, "percent_covered_display": "100.00", "missing_lines": 0, "excluded_lines": 0}, "missing_lines": [], "excluded_lines": []}}, "classes": {"CacheStats": {"executed_lines": [], "summary": {"covered_lines": 0, "num_statements": 2, "percent_covered": 0.0, "percent_covered_display": "0.00", "missing_lines": 2, "excluded_lines": 0}, "missing_lines": [32, 33], "excluded_lines": []}, "CacheEntry": {"executed_lines": [48, 50], "summary": {"covered_lines": 2, "num_statements": 5, "percent_covered": 40.0, "percent_covered_display": "40.00", "missing_lines": 3, "excluded_lines": 0}, "missing_lines": [49, 54, 55], "excluded_lines": []}, "LRUTTLCache": {"executed_lines": [62, 63, 64, 66, 67, 68, 72, 73, 90, 91, 95, 97, 100, 106, 115, 118, 119, 123, 124, 125, 126, 143, 154, 155, 160], "summary": {"covered_lines": 25, "num_statements": 60, "percent_covered": 41.666666666666664, "percent_covered_display": "41.67", "missing_lines": 35, "excluded_lines": 0}, "missing_lines": [74, 77, 78, 79, 80, 81, 84, 85, 87, 88, 101, 102, 103, 129, 130, 131, 132, 133, 134, 136, 137, 138, 145, 146, 149, 150, 151, 161, 162, 163, 167, 168, 169, 173, 174], "excluded_lines": []}, "AdaptiveCache": {"executed_lines": [188, 191, 192, 193, 194, 196, 210, 214, 226, 230, 234, 235, 236, 240, 241, 242], "summary": {"covered_lines": 16, "num_statements": 32, "percent_covered": 50.0, "percent_covered_display": "50.00", "missing_lines": 16, "excluded_lines": 0}, "missing_lines": [200, 201, 205, 206, 218, 222, 237, 243, 244, 250, 254, 255, 256, 257, 258, 262], "excluded_lines": []}, "": {"executed_lines": [1, 8, 9, 10, 11, 12, 13, 14, 16, 19, 20, 21, 22, 23, 24, 25, 26, 27, 29, 30, 36, 37, 38, 39, 40, 41, 42, 43, 44, 46, 52, 58, 59, 61, 70, 93, 121, 140, 165, 171, 184, 185, 187, 198, 203, 208, 212, 216, 220, 224, 228, 232, 246, 252, 260, 271, 272, 275, 278, 279, 280, 281, 284, 286, 287, 288, 291, 292, 293, 294, 297, 299, 301, 303, 304, 308, 312, 315, 317, 319, 321, 322, 324, 326, 327, 328, 330], "summary": {"covered_lines": 82, "num_statements": 90, "percent_covered": 91.11111111111111, "percent_covered_display": "91.11", "missing_lines": 8, "excluded_lines": 0}, "missing_lines": [298, 300, 302, 306, 309, 316, 318, 320], "excluded_lines": []}}}, "src/openapi_doc_generator/advanced_concurrent_processor.py": {"executed_lines": [], "summary": {"covered_lines": 0, "num_statements": 588, "percent_covered": 0.0, "percent_covered_display": "0.00", "missing_lines": 588, "excluded_lines": 124}, "missing_lines": [19, 20, 21, 22, 23, 24, 25, 26, 27, 28, 29, 30, 32, 34, 35, 37, 39, 40, 43, 45, 46, 47, 48, 49, 52, 54, 55, 56, 57, 58, 61, 63, 64, 65, 66, 67, 70, 71, 73, 74, 75, 76, 77, 78, 79, 80, 81, 83, 84, 85, 88, 89, 91, 92, 93, 94, 95, 96, 97, 98, 100, 101, 102, 105, 106, 108, 109, 110, 111, 112, 113, 114, 115, 116, 117, 119, 121, 122, 124, 126, 129, 132, 133, 134, 135, 137, 139, 140, 141, 142, 143, 144, 145, 147, 149, 150, 151, 152, 153, 155, 157, 158, 159, 160, 161, 163, 165, 166, 168, 170, 171, 173, 175, 176, 179, 182, 189, 190, 191, 192, 193, 196, 197, 198, 201, 202, 204, 206, 208, 209, 211, 212, 213, 216, 217, 218, 219, 220, 221, 222, 224, 225, 227, 229, 230, 231, 232, 234, 236, 238, 240, 241, 243, 244, 247, 248, 249, 250, 252, 255, 256, 257, 258, 261, 262, 263, 264, 265, 266, 267, 269, 271, 273, 276, 277, 279, 282, 283, 284, 285, 286, 287, 288, 289, 291, 293, 295, 296, 298, 300, 302, 303, 304, 305, 307, 309, 311, 313, 314, 315, 316, 319, 320, 321, 324, 325, 326, 329, 332, 335, 336, 337, 338, 341, 342, 344, 347, 348, 351, 354, 361, 363, 365, 366, 368, 370, 373, 375, 377, 379, 382, 383, 384, 386, 387, 390, 391, 393, 394, 397, 398, 399, 404, 407, 412, 413, 414, 415, 418, 419, 422, 423, 426, 427, 428, 430, 432, 433, 435, 437, 438, 443, 444, 446, 448, 450, 453, 454, 455, 456, 457, 460, 461, 463, 465, 467, 468, 469, 470, 471, 473, 475, 476, 477, 478, 480, 482, 483, 484, 487, 488, 491, 492, 493, 494, 496, 497, 499, 500, 501, 503, 504, 506, 508, 512, 525, 528, 529, 530, 531, 534, 536, 538, 539, 541, 543, 544, 546, 549, 550, 553, 558, 560, 562, 564, 565, 567, 570, 571, 574, 575, 577, 579, 581, 582, 585, 586, 589, 591, 593, 594, 596, 599, 600, 601, 604, 605, 606, 607, 609, 611, 613, 614, 616, 617, 618, 621, 622, 623, 624, 626, 628, 629, 631, 633, 634, 636, 638, 640, 641, 643, 653, 658, 664, 665, 667, 668, 669, 672, 673, 674, 677, 678, 679, 682, 683, 684, 687, 690, 691, 694, 695, 698, 699, 701, 704, 706, 708, 711, 713, 714, 715, 716, 719, 720, 721, 723, 724, 725, 727, 729, 730, 732, 733, 736, 737, 740, 741, 742, 743, 745, 753, 754, 757, 762, 764, 769, 771, 773, 775, 776, 778, 781, 782, 785, 786, 788, 789, 792, 793, 795, 797, 808, 809, 811, 823, 826, 827, 830, 831, 833, 834, 836, 841, 843, 844, 852, 854, 856, 862, 863, 866, 867, 870, 873, 874, 875, 879, 882, 883, 884, 885, 886, 888, 890, 892, 894, 896, 897, 900, 901, 902, 905, 907, 909, 911, 912, 913, 914, 916, 918, 920, 921, 923, 924, 926, 928, 930, 932, 933, 935, 936, 937, 938, 941, 944, 945, 946, 949, 951, 952, 954, 956, 957, 959, 961, 963, 964, 965, 966, 967, 970, 975, 976, 977, 980, 981, 984, 985, 988, 989, 990, 992, 993, 994, 995, 997, 999, 1000, 1002, 1005, 1008, 1009, 1010, 1013, 1018, 1024, 1025, 1027, 1030, 1033, 1034, 1035, 1037, 1038, 1039, 1049, 1051, 1052, 1055, 1062, 1071, 1072, 1073, 1076, 1077, 1078, 1080, 1101, 1104, 1107, 1108, 1109, 1110, 1114, 1117, 1118, 1119, 1120, 1121, 1122, 1125, 1127, 1128, 1129, 1130, 1131, 1132], "excluded_lines": [1136, 1137, 1138, 1139, 1140, 1141, 1142, 1143, 1144, 1145, 1146, 1147, 1148, 1149, 1150, 1151, 1152, 1153, 1154, 1155, 1156, 1157, 1158, 1159, 1160, 1161, 1162, 1163, 1164, 1165, 1166, 1167, 1168, 1169, 1170, 1171, 1172, 1173, 1174, 1175, 1176, 1177, 1178, 1179, 1180, 1181, 1182, 1183, 1184, 1185, 1186, 1187, 1188, 1189, 1190, 1191, 1192, 1193, 1194, 1195, 1196, 1197, 1198, 1199, 1200, 1201, 1202, 1203, 1204, 1205, 1206, 1207, 1208, 1209, 1210, 1211, 1212, 1213, 1214, 1215, 1216, 1217, 1218, 1219, 1220, 1221, 1222, 1223, 1224, 1225, 1226, 1227, 1228, 1229, 1230, 1231, 1232, 1233, 1234, 1235, 1236, 1237, 1238, 1239, 1240, 1241, 1242, 1243, 1244, 1245, 1246, 1247, 1248, 1249, 1250, 1251, 1252, 1253, 1254, 1255, 1256, 1257, 1260, 1261], "functions": {"Task.__post_init__": {"executed_lines": [], "summary": {"covered_lines": 0, "num_statements": 2, "percent_covered": 0.0, "percent_covered_display": "0.00", "missing_lines": 2, "excluded_lines": 0}, "missing_lines": [84, 85], "excluded_lines": []}, "TaskResult.__post_init__": {"executed_lines": [], "summary": {"covered_lines": 0, "num_statements": 2, "percent_covered": 0.0, "percent_covered_display": "0.00", "missing_lines": 2, "excluded_lines": 0}, "missing_lines": [101, 102], "excluded_lines": []}, "WorkerMetrics.get_efficiency": {"executed_lines": [], "summary": {"covered_lines": 0, "num_statements": 2, "percent_covered": 0.0, "percent_covered_display": "0.00", "missing_lines": 2, "excluded_lines": 0}, "missing_lines": [121, 122], "excluded_lines": []}, "WorkerMetrics.get_steal_success_rate": {"executed_lines": [], "summary": {"covered_lines": 0, "num_statements": 1, "percent_covered": 0.0, "percent_covered_display": "0.00", "missing_lines": 1, "excluded_lines": 0}, "missing_lines": [126], "excluded_lines": []}, "LockFreeDeque.__init__": {"executed_lines": [], "summary": {"covered_lines": 0, "num_statements": 3, "percent_covered": 0.0, "percent_covered_display": "0.00", "missing_lines": 3, "excluded_lines": 0}, "missing_lines": [133, 134, 135], "excluded_lines": []}, "LockFreeDeque.push_back": {"executed_lines": [], "summary": {"covered_lines": 0, "num_statements": 7, "percent_covered": 0.0, "percent_covered_display": "0.00", "missing_lines": 7, "excluded_lines": 0}, "missing_lines": [139, 140, 141, 142, 143, 144, 145], "excluded_lines": []}, "LockFreeDeque.pop_back": {"executed_lines": [], "summary": {"covered_lines": 0, "num_statements": 5, "percent_covered": 0.0, "percent_covered_display": "0.00", "missing_lines": 5, "excluded_lines": 0}, "missing_lines": [149, 150, 151, 152, 153], "excluded_lines": []}, "LockFreeDeque.steal_front": {"executed_lines": [], "summary": {"covered_lines": 0, "num_statements": 5, "percent_covered": 0.0, "percent_covered_display": "0.00", "missing_lines": 5, "excluded_lines": 0}, "missing_lines": [157, 158, 159, 160, 161], "excluded_lines": []}, "LockFreeDeque.size": {"executed_lines": [], "summary": {"covered_lines": 0, "num_statements": 2, "percent_covered": 0.0, "percent_covered_display": "0.00", "missing_lines": 2, "excluded_lines": 0}, "missing_lines": [165, 166], "excluded_lines": []}, "LockFreeDeque.is_empty": {"executed_lines": [], "summary": {"covered_lines": 0, "num_statements": 2, "percent_covered": 0.0, "percent_covered_display": "0.00", "missing_lines": 2, "excluded_lines": 0}, "missing_lines": [170, 171], "excluded_lines": []}, "LockFreeDeque.wait_for_item": {"executed_lines": [], "summary": {"covered_lines": 0, "num_statements": 2, "percent_covered": 0.0, "percent_covered_display": "0.00", "missing_lines": 2, "excluded_lines": 0}, "missing_lines": [175, 176], "excluded_lines": []}, "WorkStealingWorker.__init__": {"executed_lines": [], "summary": {"covered_lines": 0, "num_statements": 11, "percent_covered": 0.0, "percent_covered_display": "0.00", "missing_lines": 11, "excluded_lines": 0}, "missing_lines": [189, 190, 191, 192, 193, 196, 197, 198, 201, 202, 204], "excluded_lines": []}, "WorkStealingWorker.start": {"executed_lines": [], "summary": {"covered_lines": 0, "num_statements": 14, "percent_covered": 0.0, "percent_covered_display": "0.00", "missing_lines": 14, "excluded_lines": 0}, "missing_lines": [208, 209, 211, 212, 213, 216, 217, 218, 219, 220, 221, 222, 224, 225], "excluded_lines": []}, "WorkStealingWorker.stop": {"executed_lines": [], "summary": {"covered_lines": 0, "num_statements": 4, "percent_covered": 0.0, "percent_covered_display": "0.00", "missing_lines": 4, "excluded_lines": 0}, "missing_lines": [229, 230, 231, 232], "excluded_lines": []}, "WorkStealingWorker.add_task": {"executed_lines": [], "summary": {"covered_lines": 0, "num_statements": 1, "percent_covered": 0.0, "percent_covered_display": "0.00", "missing_lines": 1, "excluded_lines": 0}, "missing_lines": [236], "excluded_lines": []}, "WorkStealingWorker._worker_loop": {"executed_lines": [], "summary": {"covered_lines": 0, "num_statements": 8, "percent_covered": 0.0, "percent_covered_display": "0.00", "missing_lines": 8, "excluded_lines": 0}, "missing_lines": [240, 241, 243, 244, 247, 248, 249, 250], "excluded_lines": []}, "WorkStealingWorker._get_next_task": {"executed_lines": [], "summary": {"covered_lines": 0, "num_statements": 12, "percent_covered": 0.0, "percent_covered_display": "0.00", "missing_lines": 12, "excluded_lines": 0}, "missing_lines": [255, 256, 257, 258, 261, 262, 263, 264, 265, 266, 267, 269], "excluded_lines": []}, "WorkStealingWorker._attempt_work_stealing": {"executed_lines": [], "summary": {"covered_lines": 0, "num_statements": 13, "percent_covered": 0.0, "percent_covered_display": "0.00", "missing_lines": 13, "excluded_lines": 0}, "missing_lines": [273, 276, 277, 279, 282, 283, 284, 285, 286, 287, 288, 289, 291], "excluded_lines": []}, "WorkStealingWorker._execute_task": {"executed_lines": [], "summary": {"covered_lines": 0, "num_statements": 22, "percent_covered": 0.0, "percent_covered_display": "0.00", "missing_lines": 22, "excluded_lines": 0}, "missing_lines": [295, 296, 298, 300, 302, 303, 304, 305, 307, 309, 311, 313, 314, 315, 316, 319, 320, 321, 324, 325, 326, 329], "excluded_lines": []}, "AdaptiveTaskScheduler.__init__": {"executed_lines": [], "summary": {"covered_lines": 0, "num_statements": 5, "percent_covered": 0.0, "percent_covered_display": "0.00", "missing_lines": 5, "excluded_lines": 0}, "missing_lines": [336, 337, 338, 341, 342], "excluded_lines": []}, "AdaptiveTaskScheduler.select_worker": {"executed_lines": [], "summary": {"covered_lines": 0, "num_statements": 5, "percent_covered": 0.0, "percent_covered_display": "0.00", "missing_lines": 5, "excluded_lines": 0}, "missing_lines": [347, 348, 351, 354, 361], "excluded_lines": []}, "AdaptiveTaskScheduler.update_worker_load": {"executed_lines": [], "summary": {"covered_lines": 0, "num_statements": 2, "percent_covered": 0.0, "percent_covered_display": "0.00", "missing_lines": 2, "excluded_lines": 0}, "missing_lines": [365, 366], "excluded_lines": []}, "AdaptiveTaskScheduler.record_performance_feedback": {"executed_lines": [], "summary": {"covered_lines": 0, "num_statements": 2, "percent_covered": 0.0, "percent_covered_display": "0.00", "missing_lines": 2, "excluded_lines": 0}, "missing_lines": [370, 373], "excluded_lines": []}, "AdaptiveTaskScheduler._hash_to_worker": {"executed_lines": [], "summary": {"covered_lines": 0, "num_statements": 1, "percent_covered": 0.0, "percent_covered_display": "0.00", "missing_lines": 1, "excluded_lines": 0}, "missing_lines": [377], "excluded_lines": []}, "AdaptiveTaskScheduler._update_scheduling_model": {"executed_lines": [], "summary": {"covered_lines": 0, "num_statements": 12, "percent_covered": 0.0, "percent_covered_display": "0.00", "missing_lines": 12, "excluded_lines": 0}, "missing_lines": [382, 383, 384, 386, 387, 390, 391, 393, 394, 397, 398, 399], "excluded_lines": []}, "PipelineStage.__init__": {"executed_lines": [], "summary": {"covered_lines": 0, "num_statements": 11, "percent_covered": 0.0, "percent_covered_display": "0.00", "missing_lines": 11, "excluded_lines": 0}, "missing_lines": [412, 413, 414, 415, 418, 419, 422, 423, 426, 427, 428], "excluded_lines": []}, "PipelineStage.start": {"executed_lines": [], "summary": {"covered_lines": 0, "num_statements": 8, "percent_covered": 0.0, "percent_covered_display": "0.00", "missing_lines": 8, "excluded_lines": 0}, "missing_lines": [432, 433, 435, 437, 438, 443, 444, 446], "excluded_lines": []}, "PipelineStage.stop": {"executed_lines": [], "summary": {"covered_lines": 0, "num_statements": 9, "percent_covered": 0.0, "percent_covered_display": "0.00", "missing_lines": 9, "excluded_lines": 0}, "missing_lines": [450, 453, 454, 455, 456, 457, 460, 461, 463], "excluded_lines": []}, "PipelineStage.add_input": {"executed_lines": [], "summary": {"covered_lines": 0, "num_statements": 5, "percent_covered": 0.0, "percent_covered_display": "0.00", "missing_lines": 5, "excluded_lines": 0}, "missing_lines": [467, 468, 469, 470, 471], "excluded_lines": []}, "PipelineStage.get_output": {"executed_lines": [], "summary": {"covered_lines": 0, "num_statements": 4, "percent_covered": 0.0, "percent_covered_display": "0.00", "missing_lines": 4, "excluded_lines": 0}, "missing_lines": [475, 476, 477, 478], "excluded_lines": []}, "PipelineStage._worker_loop": {"executed_lines": [], "summary": {"covered_lines": 0, "num_statements": 16, "percent_covered": 0.0, "percent_covered_display": "0.00", "missing_lines": 16, "excluded_lines": 0}, "missing_lines": [482, 483, 484, 487, 488, 491, 492, 493, 494, 496, 497, 499, 500, 501, 503, 504], "excluded_lines": []}, "PipelineStage.get_stats": {"executed_lines": [], "summary": {"covered_lines": 0, "num_statements": 2, "percent_covered": 0.0, "percent_covered_display": "0.00", "missing_lines": 2, "excluded_lines": 0}, "missing_lines": [508, 512], "excluded_lines": []}, "ParallelPipeline.__init__": {"executed_lines": [], "summary": {"covered_lines": 0, "num_statements": 4, "percent_covered": 0.0, "percent_covered_display": "0.00", "missing_lines": 4, "excluded_lines": 0}, "missing_lines": [529, 530, 531, 534], "excluded_lines": []}, "ParallelPipeline.add_stage": {"executed_lines": [], "summary": {"covered_lines": 0, "num_statements": 2, "percent_covered": 0.0, "percent_covered_display": "0.00", "missing_lines": 2, "excluded_lines": 0}, "missing_lines": [538, 539], "excluded_lines": []}, "ParallelPipeline.start": {"executed_lines": [], "summary": {"covered_lines": 0, "num_statements": 8, "percent_covered": 0.0, "percent_covered_display": "0.00", "missing_lines": 8, "excluded_lines": 0}, "missing_lines": [543, 544, 546, 549, 550, 553, 558, 560], "excluded_lines": []}, "ParallelPipeline.stop": {"executed_lines": [], "summary": {"covered_lines": 0, "num_statements": 8, "percent_covered": 0.0, "percent_covered_display": "0.00", "missing_lines": 8, "excluded_lines": 0}, "missing_lines": [564, 565, 567, 570, 571, 574, 575, 577], "excluded_lines": []}, "ParallelPipeline.process_item": {"executed_lines": [], "summary": {"covered_lines": 0, "num_statements": 5, "percent_covered": 0.0, "percent_covered_display": "0.00", "missing_lines": 5, "excluded_lines": 0}, "missing_lines": [581, 582, 585, 586, 589], "excluded_lines": []}, "ParallelPipeline.process_batch": {"executed_lines": [], "summary": {"covered_lines": 0, "num_statements": 11, "percent_covered": 0.0, "percent_covered_display": "0.00", "missing_lines": 11, "excluded_lines": 0}, "missing_lines": [593, 594, 596, 599, 600, 601, 604, 605, 606, 607, 609], "excluded_lines": []}, "ParallelPipeline._coordinate_pipeline": {"executed_lines": [], "summary": {"covered_lines": 0, "num_statements": 15, "percent_covered": 0.0, "percent_covered_display": "0.00", "missing_lines": 15, "excluded_lines": 0}, "missing_lines": [613, 614, 616, 617, 618, 621, 622, 623, 624, 626, 628, 629, 631, 633, 634], "excluded_lines": []}, "ParallelPipeline.get_stats": {"executed_lines": [], "summary": {"covered_lines": 0, "num_statements": 4, "percent_covered": 0.0, "percent_covered_display": "0.00", "missing_lines": 4, "excluded_lines": 0}, "missing_lines": [638, 640, 641, 643], "excluded_lines": []}, "AdvancedConcurrentProcessor.__init__": {"executed_lines": [], "summary": {"covered_lines": 0, "num_statements": 22, "percent_covered": 0.0, "percent_covered_display": "0.00", "missing_lines": 22, "excluded_lines": 0}, "missing_lines": [664, 665, 667, 668, 669, 672, 673, 674, 677, 678, 679, 682, 683, 684, 687, 690, 691, 694, 695, 698, 699, 701], "excluded_lines": []}, "AdvancedConcurrentProcessor._setup_numa_optimization": {"executed_lines": [], "summary": {"covered_lines": 0, "num_statements": 13, "percent_covered": 0.0, "percent_covered_display": "0.00", "missing_lines": 13, "excluded_lines": 0}, "missing_lines": [706, 708, 711, 713, 714, 715, 716, 719, 720, 721, 723, 724, 725], "excluded_lines": []}, "AdvancedConcurrentProcessor.start": {"executed_lines": [], "summary": {"covered_lines": 0, "num_statements": 18, "percent_covered": 0.0, "percent_covered_display": "0.00", "missing_lines": 18, "excluded_lines": 0}, "missing_lines": [729, 730, 732, 733, 736, 737, 740, 741, 742, 743, 745, 753, 754, 757, 762, 764, 769, 771], "excluded_lines": []}, "AdvancedConcurrentProcessor.stop": {"executed_lines": [], "summary": {"covered_lines": 0, "num_statements": 12, "percent_covered": 0.0, "percent_covered_display": "0.00", "missing_lines": 12, "excluded_lines": 0}, "missing_lines": [775, 776, 778, 781, 782, 785, 786, 788, 789, 792, 793, 795], "excluded_lines": []}, "AdvancedConcurrentProcessor.submit_task": {"executed_lines": [], "summary": {"covered_lines": 0, "num_statements": 10, "percent_covered": 0.0, "percent_covered_display": "0.00", "missing_lines": 10, "excluded_lines": 0}, "missing_lines": [808, 809, 811, 823, 826, 827, 830, 831, 833, 834], "excluded_lines": []}, "AdvancedConcurrentProcessor.submit_batch": {"executed_lines": [], "summary": {"covered_lines": 0, "num_statements": 5, "percent_covered": 0.0, "percent_covered_display": "0.00", "missing_lines": 5, "excluded_lines": 0}, "missing_lines": [841, 843, 844, 852, 854], "excluded_lines": []}, "AdvancedConcurrentProcessor.execute_parallel": {"executed_lines": [], "summary": {"covered_lines": 0, "num_statements": 15, "percent_covered": 0.0, "percent_covered_display": "0.00", "missing_lines": 15, "excluded_lines": 0}, "missing_lines": [862, 863, 866, 867, 870, 873, 874, 875, 879, 882, 883, 884, 885, 886, 888], "excluded_lines": []}, "AdvancedConcurrentProcessor.wait_for_task": {"executed_lines": [], "summary": {"covered_lines": 0, "num_statements": 8, "percent_covered": 0.0, "percent_covered_display": "0.00", "missing_lines": 8, "excluded_lines": 0}, "missing_lines": [892, 894, 896, 897, 900, 901, 902, 905], "excluded_lines": []}, "AdvancedConcurrentProcessor.wait_for_all": {"executed_lines": [], "summary": {"covered_lines": 0, "num_statements": 6, "percent_covered": 0.0, "percent_covered_display": "0.00", "missing_lines": 6, "excluded_lines": 0}, "missing_lines": [909, 911, 912, 913, 914, 916], "excluded_lines": []}, "AdvancedConcurrentProcessor.create_pipeline": {"executed_lines": [], "summary": {"covered_lines": 0, "num_statements": 4, "percent_covered": 0.0, "percent_covered_display": "0.00", "missing_lines": 4, "excluded_lines": 0}, "missing_lines": [920, 921, 923, 924], "excluded_lines": []}, "AdvancedConcurrentProcessor.get_pipeline": {"executed_lines": [], "summary": {"covered_lines": 0, "num_statements": 1, "percent_covered": 0.0, "percent_covered_display": "0.00", "missing_lines": 1, "excluded_lines": 0}, "missing_lines": [928], "excluded_lines": []}, "AdvancedConcurrentProcessor._task_distribution_loop": {"executed_lines": [], "summary": {"covered_lines": 0, "num_statements": 13, "percent_covered": 0.0, "percent_covered_display": "0.00", "missing_lines": 13, "excluded_lines": 0}, "missing_lines": [932, 933, 935, 936, 937, 938, 941, 944, 945, 946, 949, 951, 952], "excluded_lines": []}, "AdvancedConcurrentProcessor._dependency_resolution_loop": {"executed_lines": [], "summary": {"covered_lines": 0, "num_statements": 27, "percent_covered": 0.0, "percent_covered_display": "0.00", "missing_lines": 27, "excluded_lines": 0}, "missing_lines": [956, 957, 959, 961, 963, 964, 965, 966, 967, 970, 975, 976, 977, 980, 981, 984, 985, 988, 989, 990, 992, 993, 994, 995, 997, 999, 1000], "excluded_lines": []}, "AdvancedConcurrentProcessor._handle_task_result": {"executed_lines": [], "summary": {"covered_lines": 0, "num_statements": 9, "percent_covered": 0.0, "percent_covered_display": "0.00", "missing_lines": 9, "excluded_lines": 0}, "missing_lines": [1005, 1008, 1009, 1010, 1013, 1018, 1024, 1025, 1027], "excluded_lines": []}, "AdvancedConcurrentProcessor.get_stats": {"executed_lines": [], "summary": {"covered_lines": 0, "num_statements": 18, "percent_covered": 0.0, "percent_covered_display": "0.00", "missing_lines": 18, "excluded_lines": 0}, "missing_lines": [1033, 1034, 1035, 1037, 1038, 1039, 1049, 1051, 1052, 1055, 1062, 1071, 1072, 1073, 1076, 1077, 1078, 1080], "excluded_lines": []}, "get_concurrent_processor": {"executed_lines": [], "summary": {"covered_lines": 0, "num_statements": 4, "percent_covered": 0.0, "percent_covered_display": "0.00", "missing_lines": 4, "excluded_lines": 0}, "missing_lines": [1107, 1108, 1109, 1110], "excluded_lines": []}, "concurrent_task": {"executed_lines": [], "summary": {"covered_lines": 0, "num_statements": 2, "percent_covered": 0.0, "percent_covered_display": "0.00", "missing_lines": 2, "excluded_lines": 0}, "missing_lines": [1117, 1122], "excluded_lines": []}, "concurrent_task.decorator": {"executed_lines": [], "summary": {"covered_lines": 0, "num_statements": 4, "percent_covered": 0.0, "percent_covered_display": "0.00", "missing_lines": 4, "excluded_lines": 0}, "missing_lines": [1118, 1119, 1120, 1121], "excluded_lines": []}, "parallel_map": {"executed_lines": [], "summary": {"covered_lines": 0, "num_statements": 2, "percent_covered": 0.0, "percent_covered_display": "0.00", "missing_lines": 2, "excluded_lines": 0}, "missing_lines": [1127, 1132], "excluded_lines": []}, "parallel_map.decorator": {"executed_lines": [], "summary": {"covered_lines": 0, "num_statements": 2, "percent_covered": 0.0, "percent_covered_display": "0.00", "missing_lines": 2, "excluded_lines": 0}, "missing_lines": [1128, 1131], "excluded_lines": []}, "parallel_map.decorator.wrapper": {"executed_lines": [], "summary": {"covered_lines": 0, "num_statements": 2, "percent_covered": 0.0, "percent_covered_display": "0.00", "missing_lines": 2, "excluded_lines": 0}, "missing_lines": [1129, 1130], "excluded_lines": []}, "example_concurrent_processing": {"executed_lines": [], "summary": {"covered_lines": 0, "num_statements": 0, "percent_covered": 100.0, "percent_covered_display": "100.00", "missing_lines": 0, "excluded_lines": 113}, "missing_lines": [], "excluded_lines": [1138, 1139, 1140, 1141, 1142, 1143, 1144, 1145, 1146, 1147, 1148, 1149, 1150, 1151, 1154, 1155, 1156, 1157, 1158, 1159, 1160, 1161, 1162, 1163, 1164, 1165, 1166, 1167, 1168, 1169, 1170, 1171, 1172, 1173, 1174, 1175, 1176, 1177, 1178, 1180, 1181, 1183, 1184, 1185, 1186, 1187, 1188, 1189, 1190, 1191, 1192, 1193, 1194, 1195, 1196, 1197, 1198, 1199, 1200, 1201, 1202, 1203, 1204, 1205, 1206, 1207, 1208, 1209, 1210, 1212, 1213, 1215, 1216, 1218, 1219, 1220, 1221, 1222, 1223, 1224, 1225, 1226, 1227, 1228, 1229, 1230, 1231, 1232, 1233, 1234, 1235, 1236, 1237, 1238, 1239, 1240, 1241, 1242, 1243, 1244, 1245, 1246, 1247, 1248, 1249, 1250, 1251, 1252, 1253, 1254, 1255, 1256, 1257]}, "example_concurrent_processing.compute_square": {"executed_lines": [], "summary": {"covered_lines": 0, "num_statements": 0, "percent_covered": 100.0, "percent_covered_display": "100.00", "missing_lines": 0, "excluded_lines": 2}, "missing_lines": [], "excluded_lines": [1152, 1153]}, "example_concurrent_processing.process_data": {"executed_lines": [], "summary": {"covered_lines": 0, "num_statements": 0, "percent_covered": 100.0, "percent_covered_display": "100.00", "missing_lines": 0, "excluded_lines": 1}, "missing_lines": [], "excluded_lines": [1179]}, "example_concurrent_processing.aggregate_results": {"executed_lines": [], "summary": {"covered_lines": 0, "num_statements": 0, "percent_covered": 100.0, "percent_covered_display": "100.00", "missing_lines": 0, "excluded_lines": 1}, "missing_lines": [], "excluded_lines": [1182]}, "example_concurrent_processing.stage1_process": {"executed_lines": [], "summary": {"covered_lines": 0, "num_statements": 0, "percent_covered": 100.0, "percent_covered_display": "100.00", "missing_lines": 0, "excluded_lines": 1}, "missing_lines": [], "excluded_lines": [1211]}, "example_concurrent_processing.stage2_process": {"executed_lines": [], "summary": {"covered_lines": 0, "num_statements": 0, "percent_covered": 100.0, "percent_covered_display": "100.00", "missing_lines": 0, "excluded_lines": 1}, "missing_lines": [], "excluded_lines": [1214]}, "example_concurrent_processing.stage3_process": {"executed_lines": [], "summary": {"covered_lines": 0, "num_statements": 0, "percent_covered": 100.0, "percent_covered_display": "100.00", "missing_lines": 0, "excluded_lines": 1}, "missing_lines": [], "excluded_lines": [1217]}, "": {"executed_lines": [], "summary": {"covered_lines": 0, "num_statements": 134, "percent_covered": 0.0, "percent_covered_display": "0.00", "missing_lines": 134, "excluded_lines": 4}, "missing_lines": [19, 20, 21, 22, 23, 24, 25, 26, 27, 28, 29, 30, 32, 34, 35, 37, 39, 40, 43, 45, 46, 47, 48, 49, 52, 54, 55, 56, 57, 58, 61, 63, 64, 65, 66, 67, 70, 71, 73, 74, 75, 76, 77, 78, 79, 80, 81, 83, 88, 89, 91, 92, 93, 94, 95, 96, 97, 98, 100, 105, 106, 108, 109, 110, 111, 112, 113, 114, 115, 116, 117, 119, 124, 129, 132, 137, 147, 155, 163, 168, 173, 179, 182, 206, 227, 234, 238, 252, 271, 293, 332, 335, 344, 363, 368, 375, 379, 404, 407, 430, 448, 465, 473, 480, 506, 525, 528, 536, 541, 562, 579, 591, 611, 636, 653, 658, 704, 727, 773, 797, 836, 856, 890, 907, 918, 926, 930, 954, 1002, 1030, 1101, 1104, 1114, 1125], "excluded_lines": [1136, 1137, 1260, 1261]}}, "classes": {"TaskPriority": {"executed_lines": [], "summary": {"covered_lines": 0, "num_statements": 0, "percent_covered": 100.0, "percent_covered_display": "100.00", "missing_lines": 0, "excluded_lines": 0}, "missing_lines": [], "excluded_lines": []}, "WorkerState": {"executed_lines": [], "summary": {"covered_lines": 0, "num_statements": 0, "percent_covered": 100.0, "percent_covered_display": "100.00", "missing_lines": 0, "excluded_lines": 0}, "missing_lines": [], "excluded_lines": []}, "SchedulingStrategy": {"executed_lines": [], "summary": {"covered_lines": 0, "num_statements": 0, "percent_covered": 100.0, "percent_covered_display": "100.00", "missing_lines": 0, "excluded_lines": 0}, "missing_lines": [], "excluded_lines": []}, "Task": {"executed_lines": [], "summary": {"covered_lines": 0, "num_statements": 2, "percent_covered": 0.0, "percent_covered_display": "0.00", "missing_lines": 2, "excluded_lines": 0}, "missing_lines": [84, 85], "excluded_lines": []}, "TaskResult": {"executed_lines": [], "summary": {"covered_lines": 0, "num_statements": 2, "percent_covered": 0.0, "percent_covered_display": "0.00", "missing_lines": 2, "excluded_lines": 0}, "missing_lines": [101, 102], "excluded_lines": []}, "WorkerMetrics": {"executed_lines": [], "summary": {"covered_lines": 0, "num_statements": 3, "percent_covered": 0.0, "percent_covered_display": "0.00", "missing_lines": 3, "excluded_lines": 0}, "missing_lines": [121, 122, 126], "excluded_lines": []}, "LockFreeDeque": {"executed_lines": [], "summary": {"covered_lines": 0, "num_statements": 26, "percent_covered": 0.0, "percent_covered_display": "0.00", "missing_lines": 26, "excluded_lines": 0}, "missing_lines": [133, 134, 135, 139, 140, 141, 142, 143, 144, 145, 149, 150, 151, 152, 153, 157, 158, 159, 160, 161, 165, 166, 170, 171, 175, 176], "excluded_lines": []}, "WorkStealingWorker": {"executed_lines": [], "summary": {"covered_lines": 0, "num_statements": 85, "percent_covered": 0.0, "percent_covered_display": "0.00", "missing_lines": 85, "excluded_lines": 0}, "missing_lines": [189, 190, 191, 192, 193, 196, 197, 198, 201, 202, 204, 208, 209, 211, 212, 213, 216, 217, 218, 219, 220, 221, 222, 224, 225, 229, 230, 231, 232, 236, 240, 241, 243, 244, 247, 248, 249, 250, 255, 256, 257, 258, 261, 262, 263, 264, 265, 266, 267, 269, 273, 276, 277, 279, 282, 283, 284, 285, 286, 287, 288, 289, 291, 295, 296, 298, 300, 302, 303, 304, 305, 307, 309, 311, 313, 314, 315, 316, 319, 320, 321, 324, 325, 326, 329], "excluded_lines": []}, "AdaptiveTaskScheduler": {"executed_lines": [], "summary": {"covered_lines": 0, "num_statements": 27, "percent_covered": 0.0, "percent_covered_display": "0.00", "missing_lines": 27, "excluded_lines": 0}, "missing_lines": [336, 337, 338, 341, 342, 347, 348, 351, 354, 361, 365, 366, 370, 373, 377, 382, 383, 384, 386, 387, 390, 391, 393, 394, 397, 398, 399], "excluded_lines": []}, "PipelineStage": {"executed_lines": [], "summary": {"covered_lines": 0, "num_statements": 55, "percent_covered": 0.0, "percent_covered_display": "0.00", "missing_lines": 55, "excluded_lines": 0}, "missing_lines": [412, 413, 414, 415, 418, 419, 422, 423, 426, 427, 428, 432, 433, 435, 437, 438, 443, 444, 446, 450, 453, 454, 455, 456, 457, 460, 461, 463, 467, 468, 469, 470, 471, 475, 476, 477, 478, 482, 483, 484, 487, 488, 491, 492, 493, 494, 496, 497, 499, 500, 501, 503, 504, 508, 512], "excluded_lines": []}, "ParallelPipeline": {"executed_lines": [], "summary": {"covered_lines": 0, "num_statements": 57, "percent_covered": 0.0, "percent_covered_display": "0.00", "missing_lines": 57, "excluded_lines": 0}, "missing_lines": [529, 530, 531, 534, 538, 539, 543, 544, 546, 549, 550, 553, 558, 560, 564, 565, 567, 570, 571, 574, 575, 577, 581, 582, 585, 586, 589, 593, 594, 596, 599, 600, 601, 604, 605, 606, 607, 609, 613, 614, 616, 617, 618, 621, 622, 623, 624, 626, 628, 629, 631, 633, 634, 638, 640, 641, 643], "excluded_lines": []}, "AdvancedConcurrentProcessor": {"executed_lines": [], "summary": {"covered_lines": 0, "num_statements": 181, "percent_covered": 0.0, "percent_covered_display": "0.00", "missing_lines": 181, "excluded_lines": 0}, "missing_lines": [664, 665, 667, 668, 669, 672, 673, 674, 677, 678, 679, 682, 683, 684, 687, 690, 691, 694, 695, 698, 699, 701, 706, 708, 711, 713, 714, 715, 716, 719, 720, 721, 723, 724, 725, 729, 730, 732, 733, 736, 737, 740, 741, 742, 743, 745, 753, 754, 757, 762, 764, 769, 771, 775, 776, 778, 781, 782, 785, 786, 788, 789, 792, 793, 795, 808, 809, 811, 823, 826, 827, 830, 831, 833, 834, 841, 843, 844, 852, 854, 862, 863, 866, 867, 870, 873, 874, 875, 879, 882, 883, 884, 885, 886, 888, 892, 894, 896, 897, 900, 901, 902, 905, 909, 911, 912, 913, 914, 916, 920, 921, 923, 924, 928, 932, 933, 935, 936, 937, 938, 941, 944, 945, 946, 949, 951, 952, 956, 957, 959, 961, 963, 964, 965, 966, 967, 970, 975, 976, 977, 980, 981, 984, 985, 988, 989, 990, 992, 993, 994, 995, 997, 999, 1000, 1005, 1008, 1009, 1010, 1013, 1018, 1024, 1025, 1027, 1033, 1034, 1035, 1037, 1038, 1039, 1049, 1051, 1052, 1055, 1062, 1071, 1072, 1073, 1076, 1077, 1078, 1080], "excluded_lines": []}, "": {"executed_lines": [], "summary": {"covered_lines": 0, "num_statements": 150, "percent_covered": 0.0, "percent_covered_display": "0.00", "missing_lines": 150, "excluded_lines": 124}, "missing_lines": [19, 20, 21, 22, 23, 24, 25, 26, 27, 28, 29, 30, 32, 34, 35, 37, 39, 40, 43, 45, 46, 47, 48, 49, 52, 54, 55, 56, 57, 58, 61, 63, 64, 65, 66, 67, 70, 71, 73, 74, 75, 76, 77, 78, 79, 80, 81, 83, 88, 89, 91, 92, 93, 94, 95, 96, 97, 98, 100, 105, 106, 108, 109, 110, 111, 112, 113, 114, 115, 116, 117, 119, 124, 129, 132, 137, 147, 155, 163, 168, 173, 179, 182, 206, 227, 234, 238, 252, 271, 293, 332, 335, 344, 363, 368, 375, 379, 404, 407, 430, 448, 465, 473, 480, 506, 525, 528, 536, 541, 562, 579, 591, 611, 636, 653, 658, 704, 727, 773, 797, 836, 856, 890, 907, 918, 926, 930, 954, 1002, 1030, 1101, 1104, 1107, 1108, 1109, 1110, 1114, 1117, 1118, 1119, 1120, 1121, 1122, 1125, 1127, 1128, 1129, 1130, 1131, 1132], "excluded_lines": [1136, 1137, 1138, 1139, 1140, 1141, 1142, 1143, 1144, 1145, 1146, 1147, 1148, 1149, 1150, 1151, 1152, 1153, 1154, 1155, 1156, 1157, 1158, 1159, 1160, 1161, 1162, 1163, 1164, 1165, 1166, 1167, 1168, 1169, 1170, 1171, 1172, 1173, 1174, 1175, 1176, 1177, 1178, 1179, 1180, 1181, 1182, 1183, 1184, 1185, 1186, 1187, 1188, 1189, 1190, 1191, 1192, 1193, 1194, 1195, 1196, 1197, 1198, 1199, 1200, 1201, 1202, 1203, 1204, 1205, 1206, 1207, 1208, 1209, 1210, 1211, 1212, 1213, 1214, 1215, 1216, 1217, 1218, 1219, 1220, 1221, 1222, 1223, 1224, 1225, 1226, 1227, 1228, 1229, 1230, 1231, 1232, 1233, 1234, 1235, 1236, 1237, 1238, 1239, 1240, 1241, 1242, 1243, 1244, 1245, 1246, 1247, 1248, 1249, 1250, 1251, 1252, 1253, 1254, 1255, 1256, 1257, 1260, 1261]}}}, "src/openapi_doc_generator/advanced_memory_optimizer.py": {"executed_lines": [], "summary": {"covered_lines": 0, "num_statements": 599, "percent_covered": 0.0, "percent_covered_display": "0.00", "missing_lines": 599, "excluded_lines": 79}, "missing_lines": [19, 20, 21, 22, 23, 24, 25, 26, 27, 28, 29, 30, 31, 33, 35, 37, 40, 42, 43, 44, 45, 48, 50, 51, 52, 53, 54, 57, 59, 60, 61, 62, 65, 66, 69, 70, 71, 74, 75, 76, 79, 80, 83, 84, 85, 88, 89, 91, 94, 95, 97, 98, 99, 100, 101, 102, 103, 104, 105, 108, 109, 111, 112, 113, 114, 117, 118, 119, 122, 125, 132, 133, 134, 135, 136, 139, 140, 141, 142, 145, 146, 149, 152, 154, 156, 158, 159, 160, 161, 162, 163, 164, 165, 166, 168, 170, 171, 172, 173, 176, 177, 178, 179, 180, 181, 183, 184, 186, 188, 190, 191, 193, 196, 197, 200, 202, 203, 206, 208, 209, 211, 213, 214, 216, 218, 219, 221, 223, 225, 226, 237, 240, 245, 246, 247, 250, 251, 252, 255, 258, 260, 262, 264, 265, 266, 268, 271, 272, 273, 276, 278, 280, 282, 284, 285, 288, 289, 290, 293, 295, 296, 299, 300, 301, 303, 305, 307, 308, 309, 311, 313, 314, 316, 317, 318, 320, 322, 323, 324, 326, 327, 329, 330, 332, 334, 335, 336, 338, 339, 340, 342, 343, 345, 347, 356, 359, 360, 361, 362, 365, 366, 368, 370, 372, 374, 383, 385, 393, 394, 396, 398, 406, 407, 409, 411, 419, 420, 422, 424, 430, 431, 433, 435, 437, 439, 441, 457, 458, 465, 468, 470, 472, 474, 476, 479, 480, 481, 484, 485, 488, 490, 491, 493, 494, 496, 498, 500, 502, 505, 508, 509, 510, 513, 514, 517, 518, 520, 522, 524, 525, 527, 530, 531, 533, 535, 537, 538, 540, 541, 544, 546, 548, 549, 552, 553, 556, 557, 560, 562, 564, 565, 566, 567, 570, 582, 584, 586, 587, 589, 591, 592, 593, 594, 595, 596, 598, 600, 602, 603, 605, 606, 608, 609, 611, 627, 630, 635, 636, 637, 639, 640, 643, 644, 646, 648, 650, 652, 654, 656, 658, 660, 662, 663, 665, 667, 668, 669, 670, 671, 672, 674, 677, 678, 680, 682, 686, 689, 690, 691, 692, 693, 694, 697, 698, 699, 700, 701, 703, 706, 707, 710, 712, 715, 716, 718, 719, 720, 721, 724, 725, 728, 730, 732, 734, 737, 738, 739, 742, 743, 746, 747, 750, 751, 752, 753, 754, 757, 762, 767, 768, 771, 772, 773, 776, 777, 780, 781, 784, 785, 786, 789, 791, 793, 795, 796, 798, 801, 802, 805, 806, 808, 810, 812, 813, 815, 818, 819, 820, 821, 823, 825, 827, 834, 841, 842, 844, 845, 847, 853, 859, 860, 862, 863, 865, 867, 868, 869, 870, 871, 872, 875, 877, 880, 883, 886, 887, 890, 893, 895, 896, 897, 898, 899, 900, 902, 905, 906, 908, 910, 922, 923, 925, 927, 929, 932, 933, 934, 935, 937, 938, 939, 940, 942, 945, 946, 947, 950, 951, 952, 954, 955, 957, 959, 962, 963, 964, 967, 968, 970, 971, 973, 977, 980, 981, 982, 983, 985, 988, 989, 990, 991, 992, 993, 995, 996, 998, 1000, 1003, 1004, 1005, 1008, 1009, 1010, 1011, 1012, 1014, 1015, 1018, 1019, 1020, 1021, 1024, 1025, 1026, 1028, 1029, 1031, 1034, 1037, 1038, 1041, 1044, 1045, 1046, 1047, 1050, 1051, 1052, 1053, 1055, 1071, 1072, 1074, 1076, 1077, 1079, 1082, 1083, 1084, 1085, 1087, 1089, 1090, 1091, 1092, 1093, 1095, 1097, 1098, 1100, 1102, 1103, 1106, 1107, 1108, 1109, 1110, 1113, 1115, 1116, 1117, 1118, 1119, 1121, 1123, 1124, 1126, 1129, 1130, 1131, 1134, 1135, 1136, 1139, 1142, 1144, 1158, 1161, 1164, 1165, 1166, 1170, 1172, 1173, 1174, 1177, 1178, 1180, 1182, 1185, 1187, 1189, 1191, 1192, 1193, 1195, 1196, 1198, 1200], "excluded_lines": [1204, 1205, 1206, 1207, 1208, 1209, 1210, 1211, 1212, 1213, 1214, 1215, 1216, 1217, 1218, 1219, 1220, 1221, 1222, 1223, 1224, 1225, 1226, 1227, 1228, 1229, 1230, 1231, 1232, 1233, 1234, 1235, 1236, 1237, 1238, 1239, 1240, 1241, 1242, 1243, 1244, 1245, 1246, 1247, 1248, 1249, 1250, 1251, 1252, 1253, 1254, 1255, 1256, 1257, 1258, 1259, 1260, 1261, 1262, 1263, 1264, 1265, 1266, 1267, 1268, 1269, 1270, 1271, 1272, 1273, 1274, 1275, 1276, 1277, 1278, 1279, 1280, 1283, 1284], "functions": {"SmartObjectPool.__init__": {"executed_lines": [], "summary": {"covered_lines": 0, "num_statements": 14, "percent_covered": 0.0, "percent_covered_display": "0.00", "missing_lines": 14, "excluded_lines": 0}, "missing_lines": [132, 133, 134, 135, 136, 139, 140, 141, 142, 145, 146, 149, 152, 154], "excluded_lines": []}, "SmartObjectPool._initialize_pool": {"executed_lines": [], "summary": {"covered_lines": 0, "num_statements": 9, "percent_covered": 0.0, "percent_covered_display": "0.00", "missing_lines": 9, "excluded_lines": 0}, "missing_lines": [158, 159, 160, 161, 162, 163, 164, 165, 166], "excluded_lines": []}, "SmartObjectPool.acquire": {"executed_lines": [], "summary": {"covered_lines": 0, "num_statements": 13, "percent_covered": 0.0, "percent_covered_display": "0.00", "missing_lines": 13, "excluded_lines": 0}, "missing_lines": [170, 171, 172, 173, 176, 177, 178, 179, 180, 181, 183, 184, 186], "excluded_lines": []}, "SmartObjectPool.release": {"executed_lines": [], "summary": {"covered_lines": 0, "num_statements": 8, "percent_covered": 0.0, "percent_covered_display": "0.00", "missing_lines": 8, "excluded_lines": 0}, "missing_lines": [190, 191, 193, 196, 197, 200, 202, 203], "excluded_lines": []}, "SmartObjectPool._update_hit_rate": {"executed_lines": [], "summary": {"covered_lines": 0, "num_statements": 2, "percent_covered": 0.0, "percent_covered_display": "0.00", "missing_lines": 2, "excluded_lines": 0}, "missing_lines": [208, 209], "excluded_lines": []}, "SmartObjectPool.cleanup": {"executed_lines": [], "summary": {"covered_lines": 0, "num_statements": 6, "percent_covered": 0.0, "percent_covered_display": "0.00", "missing_lines": 6, "excluded_lines": 0}, "missing_lines": [213, 214, 216, 218, 219, 221], "excluded_lines": []}, "SmartObjectPool.get_stats": {"executed_lines": [], "summary": {"covered_lines": 0, "num_statements": 2, "percent_covered": 0.0, "percent_covered_display": "0.00", "missing_lines": 2, "excluded_lines": 0}, "missing_lines": [225, 226], "excluded_lines": []}, "MemoryEfficientCache.__init__": {"executed_lines": [], "summary": {"covered_lines": 0, "num_statements": 9, "percent_covered": 0.0, "percent_covered_display": "0.00", "missing_lines": 9, "excluded_lines": 0}, "missing_lines": [245, 246, 247, 250, 251, 252, 255, 258, 260], "excluded_lines": []}, "MemoryEfficientCache.get": {"executed_lines": [], "summary": {"covered_lines": 0, "num_statements": 9, "percent_covered": 0.0, "percent_covered_display": "0.00", "missing_lines": 9, "excluded_lines": 0}, "missing_lines": [264, 265, 266, 268, 271, 272, 273, 276, 278], "excluded_lines": []}, "MemoryEfficientCache.put": {"executed_lines": [], "summary": {"covered_lines": 0, "num_statements": 13, "percent_covered": 0.0, "percent_covered_display": "0.00", "missing_lines": 13, "excluded_lines": 0}, "missing_lines": [282, 284, 285, 288, 289, 290, 293, 295, 296, 299, 300, 301, 303], "excluded_lines": []}, "MemoryEfficientCache._update_access_order": {"executed_lines": [], "summary": {"covered_lines": 0, "num_statements": 3, "percent_covered": 0.0, "percent_covered_display": "0.00", "missing_lines": 3, "excluded_lines": 0}, "missing_lines": [307, 308, 309], "excluded_lines": []}, "MemoryEfficientCache._evict_lru": {"executed_lines": [], "summary": {"covered_lines": 0, "num_statements": 5, "percent_covered": 0.0, "percent_covered_display": "0.00", "missing_lines": 5, "excluded_lines": 0}, "missing_lines": [313, 314, 316, 317, 318], "excluded_lines": []}, "MemoryEfficientCache._remove_item": {"executed_lines": [], "summary": {"covered_lines": 0, "num_statements": 7, "percent_covered": 0.0, "percent_covered_display": "0.00", "missing_lines": 7, "excluded_lines": 0}, "missing_lines": [322, 323, 324, 326, 327, 329, 330], "excluded_lines": []}, "MemoryEfficientCache.cleanup_expired": {"executed_lines": [], "summary": {"covered_lines": 0, "num_statements": 8, "percent_covered": 0.0, "percent_covered_display": "0.00", "missing_lines": 8, "excluded_lines": 0}, "missing_lines": [334, 335, 336, 338, 339, 340, 342, 343], "excluded_lines": []}, "MemoryEfficientCache.get_memory_usage": {"executed_lines": [], "summary": {"covered_lines": 0, "num_statements": 1, "percent_covered": 0.0, "percent_covered_display": "0.00", "missing_lines": 1, "excluded_lines": 0}, "missing_lines": [347], "excluded_lines": []}, "GarbageCollectionOptimizer.__init__": {"executed_lines": [], "summary": {"covered_lines": 0, "num_statements": 6, "percent_covered": 0.0, "percent_covered_display": "0.00", "missing_lines": 6, "excluded_lines": 0}, "missing_lines": [360, 361, 362, 365, 366, 368], "excluded_lines": []}, "GarbageCollectionOptimizer._get_current_gc_config": {"executed_lines": [], "summary": {"covered_lines": 0, "num_statements": 2, "percent_covered": 0.0, "percent_covered_display": "0.00", "missing_lines": 2, "excluded_lines": 0}, "missing_lines": [372, 374], "excluded_lines": []}, "GarbageCollectionOptimizer.optimize_for_performance": {"executed_lines": [], "summary": {"covered_lines": 0, "num_statements": 3, "percent_covered": 0.0, "percent_covered_display": "0.00", "missing_lines": 3, "excluded_lines": 0}, "missing_lines": [385, 393, 394], "excluded_lines": []}, "GarbageCollectionOptimizer.optimize_for_memory": {"executed_lines": [], "summary": {"covered_lines": 0, "num_statements": 3, "percent_covered": 0.0, "percent_covered_display": "0.00", "missing_lines": 3, "excluded_lines": 0}, "missing_lines": [398, 406, 407], "excluded_lines": []}, "GarbageCollectionOptimizer.optimize_for_latency": {"executed_lines": [], "summary": {"covered_lines": 0, "num_statements": 3, "percent_covered": 0.0, "percent_covered_display": "0.00", "missing_lines": 3, "excluded_lines": 0}, "missing_lines": [411, 419, 420], "excluded_lines": []}, "GarbageCollectionOptimizer._apply_configuration": {"executed_lines": [], "summary": {"covered_lines": 0, "num_statements": 5, "percent_covered": 0.0, "percent_covered_display": "0.00", "missing_lines": 5, "excluded_lines": 0}, "missing_lines": [424, 430, 431, 433, 435], "excluded_lines": []}, "GarbageCollectionOptimizer.analyze_gc_performance": {"executed_lines": [], "summary": {"covered_lines": 0, "num_statements": 7, "percent_covered": 0.0, "percent_covered_display": "0.00", "missing_lines": 7, "excluded_lines": 0}, "missing_lines": [439, 441, 457, 458, 465, 468, 470], "excluded_lines": []}, "GarbageCollectionOptimizer._generate_gc_recommendations": {"executed_lines": [], "summary": {"covered_lines": 0, "num_statements": 13, "percent_covered": 0.0, "percent_covered_display": "0.00", "missing_lines": 13, "excluded_lines": 0}, "missing_lines": [474, 476, 479, 480, 481, 484, 485, 488, 490, 491, 493, 494, 496], "excluded_lines": []}, "GarbageCollectionOptimizer.enable_automatic_tuning": {"executed_lines": [], "summary": {"covered_lines": 0, "num_statements": 2, "percent_covered": 0.0, "percent_covered_display": "0.00", "missing_lines": 2, "excluded_lines": 0}, "missing_lines": [500, 502], "excluded_lines": []}, "MemoryLeakDetector.__init__": {"executed_lines": [], "summary": {"covered_lines": 0, "num_statements": 7, "percent_covered": 0.0, "percent_covered_display": "0.00", "missing_lines": 7, "excluded_lines": 0}, "missing_lines": [509, 510, 513, 514, 517, 518, 520], "excluded_lines": []}, "MemoryLeakDetector.take_snapshot": {"executed_lines": [], "summary": {"covered_lines": 0, "num_statements": 6, "percent_covered": 0.0, "percent_covered_display": "0.00", "missing_lines": 6, "excluded_lines": 0}, "missing_lines": [524, 525, 527, 530, 531, 533], "excluded_lines": []}, "MemoryLeakDetector.analyze_memory_growth": {"executed_lines": [], "summary": {"covered_lines": 0, "num_statements": 23, "percent_covered": 0.0, "percent_covered_display": "0.00", "missing_lines": 23, "excluded_lines": 0}, "missing_lines": [537, 538, 540, 541, 544, 546, 548, 549, 552, 553, 556, 557, 560, 562, 564, 565, 566, 567, 570, 582, 584, 586, 587], "excluded_lines": []}, "MemoryLeakDetector._classify_leak_severity": {"executed_lines": [], "summary": {"covered_lines": 0, "num_statements": 7, "percent_covered": 0.0, "percent_covered_display": "0.00", "missing_lines": 7, "excluded_lines": 0}, "missing_lines": [591, 592, 593, 594, 595, 596, 598], "excluded_lines": []}, "MemoryLeakDetector.get_memory_summary": {"executed_lines": [], "summary": {"covered_lines": 0, "num_statements": 7, "percent_covered": 0.0, "percent_covered_display": "0.00", "missing_lines": 7, "excluded_lines": 0}, "missing_lines": [602, 603, 605, 606, 608, 609, 611], "excluded_lines": []}, "MemoryPressureHandler.__init__": {"executed_lines": [], "summary": {"covered_lines": 0, "num_statements": 8, "percent_covered": 0.0, "percent_covered_display": "0.00", "missing_lines": 8, "excluded_lines": 0}, "missing_lines": [635, 636, 637, 639, 640, 643, 644, 646], "excluded_lines": []}, "MemoryPressureHandler.register_pressure_callback": {"executed_lines": [], "summary": {"covered_lines": 0, "num_statements": 1, "percent_covered": 0.0, "percent_covered_display": "0.00", "missing_lines": 1, "excluded_lines": 0}, "missing_lines": [650], "excluded_lines": []}, "MemoryPressureHandler.register_object_pool": {"executed_lines": [], "summary": {"covered_lines": 0, "num_statements": 1, "percent_covered": 0.0, "percent_covered_display": "0.00", "missing_lines": 1, "excluded_lines": 0}, "missing_lines": [654], "excluded_lines": []}, "MemoryPressureHandler.register_cache": {"executed_lines": [], "summary": {"covered_lines": 0, "num_statements": 1, "percent_covered": 0.0, "percent_covered_display": "0.00", "missing_lines": 1, "excluded_lines": 0}, "missing_lines": [658], "excluded_lines": []}, "MemoryPressureHandler.check_memory_pressure": {"executed_lines": [], "summary": {"covered_lines": 0, "num_statements": 13, "percent_covered": 0.0, "percent_covered_display": "0.00", "missing_lines": 13, "excluded_lines": 0}, "missing_lines": [662, 663, 665, 667, 668, 669, 670, 671, 672, 674, 677, 678, 680], "excluded_lines": []}, "MemoryPressureHandler._handle_pressure_change": {"executed_lines": [], "summary": {"covered_lines": 0, "num_statements": 12, "percent_covered": 0.0, "percent_covered_display": "0.00", "missing_lines": 12, "excluded_lines": 0}, "missing_lines": [686, 689, 690, 691, 692, 693, 694, 697, 698, 699, 700, 701], "excluded_lines": []}, "MemoryPressureHandler._handle_moderate_pressure": {"executed_lines": [], "summary": {"covered_lines": 0, "num_statements": 3, "percent_covered": 0.0, "percent_covered_display": "0.00", "missing_lines": 3, "excluded_lines": 0}, "missing_lines": [706, 707, 710], "excluded_lines": []}, "MemoryPressureHandler._handle_high_pressure": {"executed_lines": [], "summary": {"covered_lines": 0, "num_statements": 10, "percent_covered": 0.0, "percent_covered_display": "0.00", "missing_lines": 10, "excluded_lines": 0}, "missing_lines": [715, 716, 718, 719, 720, 721, 724, 725, 728, 730], "excluded_lines": []}, "MemoryPressureHandler._handle_critical_pressure": {"executed_lines": [], "summary": {"covered_lines": 0, "num_statements": 13, "percent_covered": 0.0, "percent_covered_display": "0.00", "missing_lines": 13, "excluded_lines": 0}, "missing_lines": [734, 737, 738, 739, 742, 743, 746, 747, 750, 751, 752, 753, 754], "excluded_lines": []}, "AdvancedMemoryOptimizer.__init__": {"executed_lines": [], "summary": {"covered_lines": 0, "num_statements": 14, "percent_covered": 0.0, "percent_covered_display": "0.00", "missing_lines": 14, "excluded_lines": 0}, "missing_lines": [767, 768, 771, 772, 773, 776, 777, 780, 781, 784, 785, 786, 789, 791], "excluded_lines": []}, "AdvancedMemoryOptimizer.start": {"executed_lines": [], "summary": {"covered_lines": 0, "num_statements": 8, "percent_covered": 0.0, "percent_covered_display": "0.00", "missing_lines": 8, "excluded_lines": 0}, "missing_lines": [795, 796, 798, 801, 802, 805, 806, 808], "excluded_lines": []}, "AdvancedMemoryOptimizer.stop": {"executed_lines": [], "summary": {"covered_lines": 0, "num_statements": 9, "percent_covered": 0.0, "percent_covered_display": "0.00", "missing_lines": 9, "excluded_lines": 0}, "missing_lines": [812, 813, 815, 818, 819, 820, 821, 823, 825], "excluded_lines": []}, "AdvancedMemoryOptimizer.create_object_pool": {"executed_lines": [], "summary": {"covered_lines": 0, "num_statements": 5, "percent_covered": 0.0, "percent_covered_display": "0.00", "missing_lines": 5, "excluded_lines": 0}, "missing_lines": [834, 841, 842, 844, 845], "excluded_lines": []}, "AdvancedMemoryOptimizer.create_cache": {"executed_lines": [], "summary": {"covered_lines": 0, "num_statements": 5, "percent_covered": 0.0, "percent_covered_display": "0.00", "missing_lines": 5, "excluded_lines": 0}, "missing_lines": [853, 859, 860, 862, 863], "excluded_lines": []}, "AdvancedMemoryOptimizer._configure_gc_strategy": {"executed_lines": [], "summary": {"covered_lines": 0, "num_statements": 6, "percent_covered": 0.0, "percent_covered_display": "0.00", "missing_lines": 6, "excluded_lines": 0}, "missing_lines": [867, 868, 869, 870, 871, 872], "excluded_lines": []}, "AdvancedMemoryOptimizer.optimize_memory": {"executed_lines": [], "summary": {"covered_lines": 0, "num_statements": 21, "percent_covered": 0.0, "percent_covered_display": "0.00", "missing_lines": 21, "excluded_lines": 0}, "missing_lines": [877, 880, 883, 886, 887, 890, 893, 895, 896, 897, 898, 899, 900, 902, 905, 906, 908, 910, 922, 923, 925], "excluded_lines": []}, "AdvancedMemoryOptimizer._aggressive_optimization": {"executed_lines": [], "summary": {"covered_lines": 0, "num_statements": 18, "percent_covered": 0.0, "percent_covered_display": "0.00", "missing_lines": 18, "excluded_lines": 0}, "missing_lines": [929, 932, 933, 934, 935, 937, 938, 939, 940, 942, 945, 946, 947, 950, 951, 952, 954, 955], "excluded_lines": []}, "AdvancedMemoryOptimizer._conservative_optimization": {"executed_lines": [], "summary": {"covered_lines": 0, "num_statements": 8, "percent_covered": 0.0, "percent_covered_display": "0.00", "missing_lines": 8, "excluded_lines": 0}, "missing_lines": [959, 962, 963, 964, 967, 968, 970, 971], "excluded_lines": []}, "AdvancedMemoryOptimizer._adaptive_optimization": {"executed_lines": [], "summary": {"covered_lines": 0, "num_statements": 14, "percent_covered": 0.0, "percent_covered_display": "0.00", "missing_lines": 14, "excluded_lines": 0}, "missing_lines": [977, 980, 981, 982, 983, 985, 988, 989, 990, 991, 992, 993, 995, 996], "excluded_lines": []}, "AdvancedMemoryOptimizer._balanced_optimization": {"executed_lines": [], "summary": {"covered_lines": 0, "num_statements": 20, "percent_covered": 0.0, "percent_covered_display": "0.00", "missing_lines": 20, "excluded_lines": 0}, "missing_lines": [1000, 1003, 1004, 1005, 1008, 1009, 1010, 1011, 1012, 1014, 1015, 1018, 1019, 1020, 1021, 1024, 1025, 1026, 1028, 1029], "excluded_lines": []}, "AdvancedMemoryOptimizer._collect_memory_metrics": {"executed_lines": [], "summary": {"covered_lines": 0, "num_statements": 15, "percent_covered": 0.0, "percent_covered_display": "0.00", "missing_lines": 15, "excluded_lines": 0}, "missing_lines": [1034, 1037, 1038, 1041, 1044, 1045, 1046, 1047, 1050, 1051, 1052, 1053, 1055, 1071, 1072], "excluded_lines": []}, "AdvancedMemoryOptimizer._monitoring_loop": {"executed_lines": [], "summary": {"covered_lines": 0, "num_statements": 13, "percent_covered": 0.0, "percent_covered_display": "0.00", "missing_lines": 13, "excluded_lines": 0}, "missing_lines": [1076, 1077, 1079, 1082, 1083, 1084, 1085, 1087, 1089, 1090, 1091, 1092, 1093], "excluded_lines": []}, "AdvancedMemoryOptimizer._optimization_loop": {"executed_lines": [], "summary": {"covered_lines": 0, "num_statements": 16, "percent_covered": 0.0, "percent_covered_display": "0.00", "missing_lines": 16, "excluded_lines": 0}, "missing_lines": [1097, 1098, 1100, 1102, 1103, 1106, 1107, 1108, 1109, 1110, 1113, 1115, 1116, 1117, 1118, 1119], "excluded_lines": []}, "AdvancedMemoryOptimizer.get_memory_report": {"executed_lines": [], "summary": {"covered_lines": 0, "num_statements": 12, "percent_covered": 0.0, "percent_covered_display": "0.00", "missing_lines": 12, "excluded_lines": 0}, "missing_lines": [1123, 1124, 1126, 1129, 1130, 1131, 1134, 1135, 1136, 1139, 1142, 1144], "excluded_lines": []}, "get_memory_optimizer": {"executed_lines": [], "summary": {"covered_lines": 0, "num_statements": 3, "percent_covered": 0.0, "percent_covered_display": "0.00", "missing_lines": 3, "excluded_lines": 0}, "missing_lines": [1164, 1165, 1166], "excluded_lines": []}, "memory_optimized": {"executed_lines": [], "summary": {"covered_lines": 0, "num_statements": 2, "percent_covered": 0.0, "percent_covered_display": "0.00", "missing_lines": 2, "excluded_lines": 0}, "missing_lines": [1172, 1200], "excluded_lines": []}, "memory_optimized.decorator": {"executed_lines": [], "summary": {"covered_lines": 0, "num_statements": 5, "percent_covered": 0.0, "percent_covered_display": "0.00", "missing_lines": 5, "excluded_lines": 0}, "missing_lines": [1173, 1191, 1195, 1196, 1198], "excluded_lines": []}, "memory_optimized.decorator.async_wrapper": {"executed_lines": [], "summary": {"covered_lines": 0, "num_statements": 8, "percent_covered": 0.0, "percent_covered_display": "0.00", "missing_lines": 8, "excluded_lines": 0}, "missing_lines": [1174, 1177, 1178, 1180, 1182, 1185, 1187, 1189], "excluded_lines": []}, "memory_optimized.decorator.sync_wrapper": {"executed_lines": [], "summary": {"covered_lines": 0, "num_statements": 2, "percent_covered": 0.0, "percent_covered_display": "0.00", "missing_lines": 2, "excluded_lines": 0}, "missing_lines": [1192, 1193], "excluded_lines": []}, "example_memory_optimization": {"executed_lines": [], "summary": {"covered_lines": 0, "num_statements": 0, "percent_covered": 100.0, "percent_covered_display": "100.00", "missing_lines": 0, "excluded_lines": 73}, "missing_lines": [], "excluded_lines": [1206, 1207, 1208, 1209, 1210, 1211, 1212, 1213, 1214, 1215, 1216, 1217, 1218, 1219, 1221, 1222, 1224, 1225, 1226, 1227, 1228, 1229, 1230, 1231, 1232, 1233, 1234, 1235, 1236, 1237, 1238, 1239, 1240, 1241, 1242, 1243, 1244, 1245, 1246, 1247, 1248, 1249, 1250, 1251, 1252, 1253, 1254, 1255, 1256, 1257, 1258, 1259, 1260, 1261, 1262, 1263, 1264, 1265, 1266, 1267, 1268, 1269, 1270, 1271, 1272, 1273, 1274, 1275, 1276, 1277, 1278, 1279, 1280]}, "example_memory_optimization.create_list": {"executed_lines": [], "summary": {"covered_lines": 0, "num_statements": 0, "percent_covered": 100.0, "percent_covered_display": "100.00", "missing_lines": 0, "excluded_lines": 1}, "missing_lines": [], "excluded_lines": [1220]}, "example_memory_optimization.reset_list": {"executed_lines": [], "summary": {"covered_lines": 0, "num_statements": 0, "percent_covered": 100.0, "percent_covered_display": "100.00", "missing_lines": 0, "excluded_lines": 1}, "missing_lines": [], "excluded_lines": [1223]}, "": {"executed_lines": [], "summary": {"covered_lines": 0, "num_statements": 130, "percent_covered": 0.0, "percent_covered_display": "0.00", "missing_lines": 130, "excluded_lines": 4}, "missing_lines": [19, 20, 21, 22, 23, 24, 25, 26, 27, 28, 29, 30, 31, 33, 35, 37, 40, 42, 43, 44, 45, 48, 50, 51, 52, 53, 54, 57, 59, 60, 61, 62, 65, 66, 69, 70, 71, 74, 75, 76, 79, 80, 83, 84, 85, 88, 89, 91, 94, 95, 97, 98, 99, 100, 101, 102, 103, 104, 105, 108, 109, 111, 112, 113, 114, 117, 118, 119, 122, 125, 156, 168, 188, 206, 211, 223, 237, 240, 262, 280, 305, 311, 320, 332, 345, 356, 359, 370, 383, 396, 409, 422, 437, 472, 498, 505, 508, 522, 535, 589, 600, 627, 630, 648, 652, 656, 660, 682, 703, 712, 732, 757, 762, 793, 810, 827, 847, 865, 875, 927, 957, 973, 998, 1031, 1074, 1095, 1121, 1158, 1161, 1170], "excluded_lines": [1204, 1205, 1283, 1284]}}, "classes": {"MemoryStrategy": {"executed_lines": [], "summary": {"covered_lines": 0, "num_statements": 0, "percent_covered": 100.0, "percent_covered_display": "100.00", "missing_lines": 0, "excluded_lines": 0}, "missing_lines": [], "excluded_lines": []}, "GCStrategy": {"executed_lines": [], "summary": {"covered_lines": 0, "num_statements": 0, "percent_covered": 100.0, "percent_covered_display": "100.00", "missing_lines": 0, "excluded_lines": 0}, "missing_lines": [], "excluded_lines": []}, "MemoryPressureLevel": {"executed_lines": [], "summary": {"covered_lines": 0, "num_statements": 0, "percent_covered": 100.0, "percent_covered_display": "100.00", "missing_lines": 0, "excluded_lines": 0}, "missing_lines": [], "excluded_lines": []}, "MemoryMetrics": {"executed_lines": [], "summary": {"covered_lines": 0, "num_statements": 0, "percent_covered": 100.0, "percent_covered_display": "100.00", "missing_lines": 0, "excluded_lines": 0}, "missing_lines": [], "excluded_lines": []}, "MemoryLeak": {"executed_lines": [], "summary": {"covered_lines": 0, "num_statements": 0, "percent_covered": 100.0, "percent_covered_display": "100.00", "missing_lines": 0, "excluded_lines": 0}, "missing_lines": [], "excluded_lines": []}, "GCConfiguration": {"executed_lines": [], "summary": {"covered_lines": 0, "num_statements": 0, "percent_covered": 100.0, "percent_covered_display": "100.00", "missing_lines": 0, "excluded_lines": 0}, "missing_lines": [], "excluded_lines": []}, "SmartObjectPool": {"executed_lines": [], "summary": {"covered_lines": 0, "num_statements": 54, "percent_covered": 0.0, "percent_covered_display": "0.00", "missing_lines": 54, "excluded_lines": 0}, "missing_lines": [132, 133, 134, 135, 136, 139, 140, 141, 142, 145, 146, 149, 152, 154, 158, 159, 160, 161, 162, 163, 164, 165, 166, 170, 171, 172, 173, 176, 177, 178, 179, 180, 181, 183, 184, 186, 190, 191, 193, 196, 197, 200, 202, 203, 208, 209, 213, 214, 216, 218, 219, 221, 225, 226], "excluded_lines": []}, "MemoryEfficientCache": {"executed_lines": [], "summary": {"covered_lines": 0, "num_statements": 55, "percent_covered": 0.0, "percent_covered_display": "0.00", "missing_lines": 55, "excluded_lines": 0}, "missing_lines": [245, 246, 247, 250, 251, 252, 255, 258, 260, 264, 265, 266, 268, 271, 272, 273, 276, 278, 282, 284, 285, 288, 289, 290, 293, 295, 296, 299, 300, 301, 303, 307, 308, 309, 313, 314, 316, 317, 318, 322, 323, 324, 326, 327, 329, 330, 334, 335, 336, 338, 339, 340, 342, 343, 347], "excluded_lines": []}, "GarbageCollectionOptimizer": {"executed_lines": [], "summary": {"covered_lines": 0, "num_statements": 44, "percent_covered": 0.0, "percent_covered_display": "0.00", "missing_lines": 44, "excluded_lines": 0}, "missing_lines": [360, 361, 362, 365, 366, 368, 372, 374, 385, 393, 394, 398, 406, 407, 411, 419, 420, 424, 430, 431, 433, 435, 439, 441, 457, 458, 465, 468, 470, 474, 476, 479, 480, 481, 484, 485, 488, 490, 491, 493, 494, 496, 500, 502], "excluded_lines": []}, "MemoryLeakDetector": {"executed_lines": [], "summary": {"covered_lines": 0, "num_statements": 50, "percent_covered": 0.0, "percent_covered_display": "0.00", "missing_lines": 50, "excluded_lines": 0}, "missing_lines": [509, 510, 513, 514, 517, 518, 520, 524, 525, 527, 530, 531, 533, 537, 538, 540, 541, 544, 546, 548, 549, 552, 553, 556, 557, 560, 562, 564, 565, 566, 567, 570, 582, 584, 586, 587, 591, 592, 593, 594, 595, 596, 598, 602, 603, 605, 606, 608, 609, 611], "excluded_lines": []}, "MemoryPressureHandler": {"executed_lines": [], "summary": {"covered_lines": 0, "num_statements": 62, "percent_covered": 0.0, "percent_covered_display": "0.00", "missing_lines": 62, "excluded_lines": 0}, "missing_lines": [635, 636, 637, 639, 640, 643, 644, 646, 650, 654, 658, 662, 663, 665, 667, 668, 669, 670, 671, 672, 674, 677, 678, 680, 686, 689, 690, 691, 692, 693, 694, 697, 698, 699, 700, 701, 706, 707, 710, 715, 716, 718, 719, 720, 721, 724, 725, 728, 730, 734, 737, 738, 739, 742, 743, 746, 747, 750, 751, 752, 753, 754], "excluded_lines": []}, "AdvancedMemoryOptimizer": {"executed_lines": [], "summary": {"covered_lines": 0, "num_statements": 184, "percent_covered": 0.0, "percent_covered_display": "0.00", "missing_lines": 184, "excluded_lines": 0}, "missing_lines": [767, 768, 771, 772, 773, 776, 777, 780, 781, 784, 785, 786, 789, 791, 795, 796, 798, 801, 802, 805, 806, 808, 812, 813, 815, 818, 819, 820, 821, 823, 825, 834, 841, 842, 844, 845, 853, 859, 860, 862, 863, 867, 868, 869, 870, 871, 872, 877, 880, 883, 886, 887, 890, 893, 895, 896, 897, 898, 899, 900, 902, 905, 906, 908, 910, 922, 923, 925, 929, 932, 933, 934, 935, 937, 938, 939, 940, 942, 945, 946, 947, 950, 951, 952, 954, 955, 959, 962, 963, 964, 967, 968, 970, 971, 977, 980, 981, 982, 983, 985, 988, 989, 990, 991, 992, 993, 995, 996, 1000, 1003, 1004, 1005, 1008, 1009, 1010, 1011, 1012, 1014, 1015, 1018, 1019, 1020, 1021, 1024, 1025, 1026, 1028, 1029, 1034, 1037, 1038, 1041, 1044, 1045, 1046, 1047, 1050, 1051, 1052, 1053, 1055, 1071, 1072, 1076, 1077, 1079, 1082, 1083, 1084, 1085, 1087, 1089, 1090, 1091, 1092, 1093, 1097, 1098, 1100, 1102, 1103, 1106, 1107, 1108, 1109, 1110, 1113, 1115, 1116, 1117, 1118, 1119, 1123, 1124, 1126, 1129, 1130, 1131, 1134, 1135, 1136, 1139, 1142, 1144], "excluded_lines": []}, "": {"executed_lines": [], "summary": {"covered_lines": 0, "num_statements": 150, "percent_covered": 0.0, "percent_covered_display": "0.00", "missing_lines": 150, "excluded_lines": 79}, "missing_lines": [19, 20, 21, 22, 23, 24, 25, 26, 27, 28, 29, 30, 31, 33, 35, 37, 40, 42, 43, 44, 45, 48, 50, 51, 52, 53, 54, 57, 59, 60, 61, 62, 65, 66, 69, 70, 71, 74, 75, 76, 79, 80, 83, 84, 85, 88, 89, 91, 94, 95, 97, 98, 99, 100, 101, 102, 103, 104, 105, 108, 109, 111, 112, 113, 114, 117, 118, 119, 122, 125, 156, 168, 188, 206, 211, 223, 237, 240, 262, 280, 305, 311, 320, 332, 345, 356, 359, 370, 383, 396, 409, 422, 437, 472, 498, 505, 508, 522, 535, 589, 600, 627, 630, 648, 652, 656, 660, 682, 703, 712, 732, 757, 762, 793, 810, 827, 847, 865, 875, 927, 957, 973, 998, 1031, 10
[...]
ary": {"covered_lines": 4, "num_statements": 6, "percent_covered": 66.66666666666667, "percent_covered_display": "66.67", "missing_lines": 2, "excluded_lines": 0}, "missing_lines": [10, 11], "excluded_lines": []}}}, "src/openapi_doc_generator/testsuite.py": {"executed_lines": [1, 3, 5, 7, 8, 11, 12, 13, 16, 18, 20, 22, 23, 24, 25, 26, 27, 28, 31, 35, 36], "summary": {"covered_lines": 19, "num_statements": 19, "percent_covered": 100.0, "percent_covered_display": "100.00", "missing_lines": 0, "excluded_lines": 0}, "missing_lines": [], "excluded_lines": [], "functions": {"TestSuiteGenerator.generate_pytest": {"executed_lines": [22, 23, 24, 25, 26, 27, 28, 31, 35, 36], "summary": {"covered_lines": 10, "num_statements": 10, "percent_covered": 100.0, "percent_covered_display": "100.00", "missing_lines": 0, "excluded_lines": 0}, "missing_lines": [], "excluded_lines": []}, "": {"executed_lines": [1, 3, 5, 7, 8, 11, 12, 13, 16, 18, 20], "summary": {"covered_lines": 9, "num_statements": 9, "percent_covered": 100.0, "percent_covered_display": "100.00", "missing_lines": 0, "excluded_lines": 0}, "missing_lines": [], "excluded_lines": []}}, "classes": {"TestSuiteGenerator": {"executed_lines": [22, 23, 24, 25, 26, 27, 28, 31, 35, 36], "summary": {"covered_lines": 10, "num_statements": 10, "percent_covered": 100.0, "percent_covered_display": "100.00", "missing_lines": 0, "excluded_lines": 0}, "missing_lines": [], "excluded_lines": []}, "": {"executed_lines": [1, 3, 5, 7, 8, 11, 12, 13, 16, 18, 20], "summary": {"covered_lines": 9, "num_statements": 9, "percent_covered": 100.0, "percent_covered_display": "100.00", "missing_lines": 0, "excluded_lines": 0}, "missing_lines": [], "excluded_lines": []}}}, "src/openapi_doc_generator/utils.py": {"executed_lines": [1, 3, 5, 6, 7, 8, 9, 10, 11, 12, 13, 14, 15, 16, 17, 19, 21, 24, 26, 29, 30, 31, 32, 33, 34, 35, 36, 37, 38, 39, 42, 43, 45, 46, 47, 48, 49, 51, 53, 54, 55, 56, 57, 59, 82, 102, 105, 106, 108, 109, 110, 111, 112, 114, 116, 117, 119, 120, 121, 123, 125, 126, 128, 133, 139, 142, 144, 147, 149, 153, 154, 159, 162, 175, 178, 181, 182, 184, 187, 188, 189, 201, 215, 218, 224, 225, 228, 229, 231, 235, 238, 241, 250, 251, 252, 257, 258, 260, 264, 267, 270, 275, 276, 279, 280, 281, 284, 285, 287, 289, 292, 295, 297, 300, 308, 309, 311, 314, 317, 320, 322, 325, 331, 341, 342, 343, 344, 345, 347, 350, 351, 352, 353, 354, 355, 358, 360, 361, 362, 365, 366, 369, 372, 373, 374, 383, 384, 392, 393, 394, 395, 396, 397, 400, 406, 407, 409, 414, 416], "summary": {"covered_lines": 154, "num_statements": 185, "percent_covered": 83.24324324324324, "percent_covered_display": "83.24", "missing_lines": 31, "excluded_lines": 0}, "missing_lines": [61, 62, 63, 65, 66, 67, 69, 70, 72, 84, 85, 86, 87, 89, 97, 98, 130, 131, 135, 220, 236, 239, 261, 265, 296, 303, 304, 328, 377, 379, 380], "excluded_lines": [], "functions": {"echo": {"executed_lines": [26], "summary": {"covered_lines": 1, "num_statements": 1, "percent_covered": 100.0, "percent_covered_display": "100.00", "missing_lines": 0, "excluded_lines": 0}, "missing_lines": [], "excluded_lines": []}, "AdvancedPerformanceTracker.__init__": {"executed_lines": [46, 47, 48, 49], "summary": {"covered_lines": 4, "num_statements": 4, "percent_covered": 100.0, "percent_covered_display": "100.00", "missing_lines": 0, "excluded_lines": 0}, "missing_lines": [], "excluded_lines": []}, "AdvancedPerformanceTracker.record_metric": {"executed_lines": [53, 54, 55, 56, 57], "summary": {"covered_lines": 5, "num_statements": 5, "percent_covered": 100.0, "percent_covered_display": "100.00", "missing_lines": 0, "excluded_lines": 0}, "missing_lines": [], "excluded_lines": []}, "AdvancedPerformanceTracker.get_operation_stats": {"executed_lines": [], "summary": {"covered_lines": 0, "num_statements": 9, "percent_covered": 0.0, "percent_covered_display": "0.00", "missing_lines": 9, "excluded_lines": 0}, "missing_lines": [61, 62, 63, 65, 66, 67, 69, 70, 72], "excluded_lines": []}, "AdvancedPerformanceTracker.get_system_health": {"executed_lines": [], "summary": {"covered_lines": 0, "num_statements": 7, "percent_covered": 0.0, "percent_covered_display": "0.00", "missing_lines": 7, "excluded_lines": 0}, "missing_lines": [84, 85, 86, 87, 89, 97, 98], "excluded_lines": []}, "ConcurrentProcessingPool.__init__": {"executed_lines": [109, 110, 111, 112], "summary": {"covered_lines": 4, "num_statements": 4, "percent_covered": 100.0, "percent_covered_display": "100.00", "missing_lines": 0, "excluded_lines": 0}, "missing_lines": [], "excluded_lines": []}, "ConcurrentProcessingPool.submit_task": {"executed_lines": [116, 117, 119, 120, 121], "summary": {"covered_lines": 5, "num_statements": 5, "percent_covered": 100.0, "percent_covered_display": "100.00", "missing_lines": 0, "excluded_lines": 0}, "missing_lines": [], "excluded_lines": []}, "ConcurrentProcessingPool._task_completed": {"executed_lines": [125, 126], "summary": {"covered_lines": 2, "num_statements": 2, "percent_covered": 100.0, "percent_covered_display": "100.00", "missing_lines": 0, "excluded_lines": 0}, "missing_lines": [], "excluded_lines": []}, "ConcurrentProcessingPool.get_load_factor": {"executed_lines": [], "summary": {"covered_lines": 0, "num_statements": 2, "percent_covered": 0.0, "percent_covered_display": "0.00", "missing_lines": 2, "excluded_lines": 0}, "missing_lines": [130, 131], "excluded_lines": []}, "ConcurrentProcessingPool.shutdown": {"executed_lines": [], "summary": {"covered_lines": 0, "num_statements": 1, "percent_covered": 0.0, "percent_covered_display": "0.00", "missing_lines": 1, "excluded_lines": 0}, "missing_lines": [135], "excluded_lines": []}, "get_processing_pool": {"executed_lines": [144], "summary": {"covered_lines": 1, "num_statements": 1, "percent_covered": 100.0, "percent_covered_display": "100.00", "missing_lines": 0, "excluded_lines": 0}, "missing_lines": [], "excluded_lines": []}, "get_performance_tracker": {"executed_lines": [149], "summary": {"covered_lines": 1, "num_statements": 1, "percent_covered": 100.0, "percent_covered_display": "100.00", "missing_lines": 0, "excluded_lines": 0}, "missing_lines": [], "excluded_lines": []}, "_parse_ast_cached": {"executed_lines": [159], "summary": {"covered_lines": 1, "num_statements": 1, "percent_covered": 100.0, "percent_covered_display": "100.00", "missing_lines": 0, "excluded_lines": 0}, "missing_lines": [], "excluded_lines": []}, "get_cached_ast": {"executed_lines": [175, 178, 181, 182, 184, 187, 188, 189, 201, 215], "summary": {"covered_lines": 10, "num_statements": 10, "percent_covered": 100.0, "percent_covered_display": "100.00", "missing_lines": 0, "excluded_lines": 0}, "missing_lines": [], "excluded_lines": []}, "_clear_ast_cache": {"executed_lines": [], "summary": {"covered_lines": 0, "num_statements": 1, "percent_covered": 0.0, "percent_covered_display": "0.00", "missing_lines": 1, "excluded_lines": 0}, "missing_lines": [220], "excluded_lines": []}, "JSONFormatter.format": {"executed_lines": [235, 238, 241, 250, 251, 252, 257, 258, 260, 264, 267], "summary": {"covered_lines": 11, "num_statements": 15, "percent_covered": 73.33333333333333, "percent_covered_display": "73.33", "missing_lines": 4, "excluded_lines": 0}, "missing_lines": [236, 239, 261, 265], "excluded_lines": []}, "setup_json_logging": {"executed_lines": [275, 276, 279, 280, 281, 284, 285, 287, 289], "summary": {"covered_lines": 9, "num_statements": 9, "percent_covered": 100.0, "percent_covered_display": "100.00", "missing_lines": 0, "excluded_lines": 0}, "missing_lines": [], "excluded_lines": []}, "get_correlation_id": {"executed_lines": [295, 297], "summary": {"covered_lines": 2, "num_statements": 3, "percent_covered": 66.66666666666667, "percent_covered_display": "66.67", "missing_lines": 1, "excluded_lines": 0}, "missing_lines": [296], "excluded_lines": []}, "reset_correlation_id": {"executed_lines": [], "summary": {"covered_lines": 0, "num_statements": 2, "percent_covered": 0.0, "percent_covered_display": "0.00", "missing_lines": 2, "excluded_lines": 0}, "missing_lines": [303, 304], "excluded_lines": []}, "set_performance_tracking": {"executed_lines": [317], "summary": {"covered_lines": 1, "num_statements": 1, "percent_covered": 100.0, "percent_covered_display": "100.00", "missing_lines": 0, "excluded_lines": 0}, "missing_lines": [], "excluded_lines": []}, "get_performance_summary": {"executed_lines": [322], "summary": {"covered_lines": 1, "num_statements": 1, "percent_covered": 100.0, "percent_covered_display": "100.00", "missing_lines": 0, "excluded_lines": 0}, "missing_lines": [], "excluded_lines": []}, "clear_performance_stats": {"executed_lines": [], "summary": {"covered_lines": 0, "num_statements": 1, "percent_covered": 0.0, "percent_covered_display": "0.00", "missing_lines": 1, "excluded_lines": 0}, "missing_lines": [328], "excluded_lines": []}, "measure_performance": {"executed_lines": [341, 342, 416], "summary": {"covered_lines": 3, "num_statements": 3, "percent_covered": 100.0, "percent_covered_display": "100.00", "missing_lines": 0, "excluded_lines": 0}, "missing_lines": [], "excluded_lines": []}, "measure_performance.decorator": {"executed_lines": [343, 414], "summary": {"covered_lines": 2, "num_statements": 2, "percent_covered": 100.0, "percent_covered_display": "100.00", "missing_lines": 0, "excluded_lines": 0}, "missing_lines": [], "excluded_lines": []}, "measure_performance.decorator.wrapper": {"executed_lines": [344, 345, 347, 350, 351, 352, 353, 354, 355, 358, 360, 361, 362, 365, 366, 369, 372, 373, 374, 383, 384, 392, 393, 394, 395, 396, 397, 400, 406, 407, 409], "summary": {"covered_lines": 31, "num_statements": 34, "percent_covered": 91.17647058823529, "percent_covered_display": "91.18", "missing_lines": 3, "excluded_lines": 0}, "missing_lines": [377, 379, 380], "excluded_lines": []}, "": {"executed_lines": [1, 3, 5, 6, 7, 8, 9, 10, 11, 12, 13, 14, 15, 16, 17, 19, 21, 24, 29, 30, 31, 32, 33, 34, 35, 36, 37, 38, 39, 42, 43, 45, 51, 59, 82, 102, 105, 106, 108, 114, 123, 128, 133, 139, 142, 147, 153, 154, 162, 218, 224, 225, 228, 229, 231, 270, 292, 300, 308, 309, 311, 314, 320, 325, 331], "summary": {"covered_lines": 60, "num_statements": 60, "percent_covered": 100.0, "percent_covered_display": "100.00", "missing_lines": 0, "excluded_lines": 0}, "missing_lines": [], "excluded_lines": []}}, "classes": {"PerformanceMetrics": {"executed_lines": [], "summary": {"covered_lines": 0, "num_statements": 0, "percent_covered": 100.0, "percent_covered_display": "100.00", "missing_lines": 0, "excluded_lines": 0}, "missing_lines": [], "excluded_lines": []}, "AdvancedPerformanceTracker": {"executed_lines": [46, 47, 48, 49, 53, 54, 55, 56, 57], "summary": {"covered_lines": 9, "num_statements": 25, "percent_covered": 36.0, "percent_covered_display": "36.00", "missing_lines": 16, "excluded_lines": 0}, "missing_lines": [61, 62, 63, 65, 66, 67, 69, 70, 72, 84, 85, 86, 87, 89, 97, 98], "excluded_lines": []}, "ConcurrentProcessingPool": {"executed_lines": [109, 110, 111, 112, 116, 117, 119, 120, 121, 125, 126], "summary": {"covered_lines": 11, "num_statements": 14, "percent_covered": 78.57142857142857, "percent_covered_display": "78.57", "missing_lines": 3, "excluded_lines": 0}, "missing_lines": [130, 131, 135], "excluded_lines": []}, "JSONFormatter": {"executed_lines": [235, 238, 241, 250, 251, 252, 257, 258, 260, 264, 267], "summary": {"covered_lines": 11, "num_statements": 15, "percent_covered": 73.33333333333333, "percent_covered_display": "73.33", "missing_lines": 4, "excluded_lines": 0}, "missing_lines": [236, 239, 261, 265], "excluded_lines": []}, "": {"executed_lines": [1, 3, 5, 6, 7, 8, 9, 10, 11, 12, 13, 14, 15, 16, 17, 19, 21, 24, 26, 29, 30, 31, 32, 33, 34, 35, 36, 37, 38, 39, 42, 43, 45, 51, 59, 82, 102, 105, 106, 108, 114, 123, 128, 133, 139, 142, 144, 147, 149, 153, 154, 159, 162, 175, 178, 181, 182, 184, 187, 188, 189, 201, 215, 218, 224, 225, 228, 229, 231, 270, 275, 276, 279, 280, 281, 284, 285, 287, 289, 292, 295, 297, 300, 308, 309, 311, 314, 317, 320, 322, 325, 331, 341, 342, 343, 344, 345, 347, 350, 351, 352, 353, 354, 355, 358, 360, 361, 362, 365, 366, 369, 372, 373, 374, 383, 384, 392, 393, 394, 395, 396, 397, 400, 406, 407, 409, 414, 416], "summary": {"covered_lines": 123, "num_statements": 131, "percent_covered": 93.89312977099236, "percent_covered_display": "93.89", "missing_lines": 8, "excluded_lines": 0}, "missing_lines": [220, 296, 303, 304, 328, 377, 379, 380], "excluded_lines": []}}}, "src/openapi_doc_generator/validator.py": {"executed_lines": [1, 3, 5, 6, 9, 10, 11, 14, 25, 52, 66, 77, 95, 109, 128, 156, 177, 194, 207, 228, 236, 252, 259, 276], "summary": {"covered_lines": 22, "num_statements": 151, "percent_covered": 14.56953642384106, "percent_covered_display": "14.57", "missing_lines": 129, "excluded_lines": 0}, "missing_lines": [27, 28, 30, 33, 36, 39, 42, 45, 48, 50, 54, 55, 57, 58, 59, 60, 61, 62, 64, 68, 69, 71, 72, 73, 75, 79, 80, 82, 83, 84, 86, 87, 88, 89, 90, 91, 93, 97, 98, 100, 101, 102, 104, 105, 107, 111, 113, 114, 117, 119, 120, 121, 123, 124, 126, 132, 135, 136, 139, 141, 142, 143, 146, 147, 152, 154, 160, 162, 163, 166, 167, 170, 171, 175, 179, 180, 182, 183, 185, 186, 187, 190, 192, 196, 197, 199, 200, 202, 203, 205, 209, 211, 212, 213, 215, 216, 220, 221, 226, 230, 238, 239, 240, 243, 244, 245, 250, 254, 255, 256, 257, 261, 262, 264, 265, 267, 268, 269, 270, 271, 272, 274, 278, 279, 281, 282, 283, 284, 286], "excluded_lines": [], "functions": {"SpecValidator.validate": {"executed_lines": [], "summary": {"covered_lines": 0, "num_statements": 10, "percent_covered": 0.0, "percent_covered_display": "0.00", "missing_lines": 10, "excluded_lines": 0}, "missing_lines": [27, 28, 30, 33, 36, 39, 42, 45, 48, 50], "excluded_lines": []}, "SpecValidator._validate_openapi_version": {"executed_lines": [], "summary": {"covered_lines": 0, "num_statements": 9, "percent_covered": 0.0, "percent_covered_display": "0.00", "missing_lines": 9, "excluded_lines": 0}, "missing_lines": [54, 55, 57, 58, 59, 60, 61, 62, 64], "excluded_lines": []}, "SpecValidator._validate_required_fields": {"executed_lines": [], "summary": {"covered_lines": 0, "num_statements": 6, "percent_covered": 0.0, "percent_covered_display": "0.00", "missing_lines": 6, "excluded_lines": 0}, "missing_lines": [68, 69, 71, 72, 73, 75], "excluded_lines": []}, "SpecValidator._validate_info_section": {"executed_lines": [], "summary": {"covered_lines": 0, "num_statements": 12, "percent_covered": 0.0, "percent_covered_display": "0.00", "missing_lines": 12, "excluded_lines": 0}, "missing_lines": [79, 80, 82, 83, 84, 86, 87, 88, 89, 90, 91, 93], "excluded_lines": []}, "SpecValidator._validate_paths_section": {"executed_lines": [], "summary": {"covered_lines": 0, "num_statements": 8, "percent_covered": 0.0, "percent_covered_display": "0.00", "missing_lines": 8, "excluded_lines": 0}, "missing_lines": [97, 98, 100, 101, 102, 104, 105, 107], "excluded_lines": []}, "SpecValidator._validate_path_operations": {"executed_lines": [], "summary": {"covered_lines": 0, "num_statements": 10, "percent_covered": 0.0, "percent_covered_display": "0.00", "missing_lines": 10, "excluded_lines": 0}, "missing_lines": [111, 113, 114, 117, 119, 120, 121, 123, 124, 126], "excluded_lines": []}, "SpecValidator._validate_single_operation": {"executed_lines": [], "summary": {"covered_lines": 0, "num_statements": 11, "percent_covered": 0.0, "percent_covered_display": "0.00", "missing_lines": 11, "excluded_lines": 0}, "missing_lines": [132, 135, 136, 139, 141, 142, 143, 146, 147, 152, 154], "excluded_lines": []}, "SpecValidator._validate_operation_responses": {"executed_lines": [], "summary": {"covered_lines": 0, "num_statements": 8, "percent_covered": 0.0, "percent_covered_display": "0.00", "missing_lines": 8, "excluded_lines": 0}, "missing_lines": [160, 162, 163, 166, 167, 170, 171, 175], "excluded_lines": []}, "SpecValidator._validate_components_section": {"executed_lines": [], "summary": {"covered_lines": 0, "num_statements": 9, "percent_covered": 0.0, "percent_covered_display": "0.00", "missing_lines": 9, "excluded_lines": 0}, "missing_lines": [179, 180, 182, 183, 185, 186, 187, 190, 192], "excluded_lines": []}, "SpecValidator._validate_component_schemas": {"executed_lines": [], "summary": {"covered_lines": 0, "num_statements": 7, "percent_covered": 0.0, "percent_covered_display": "0.00", "missing_lines": 7, "excluded_lines": 0}, "missing_lines": [196, 197, 199, 200, 202, 203, 205], "excluded_lines": []}, "SpecValidator._validate_single_schema": {"executed_lines": [], "summary": {"covered_lines": 0, "num_statements": 9, "percent_covered": 0.0, "percent_covered_display": "0.00", "missing_lines": 9, "excluded_lines": 0}, "missing_lines": [209, 211, 212, 213, 215, 216, 220, 221, 226], "excluded_lines": []}, "SpecValidator._has_valid_schema_properties": {"executed_lines": [], "summary": {"covered_lines": 0, "num_statements": 1, "percent_covered": 0.0, "percent_covered_display": "0.00", "missing_lines": 1, "excluded_lines": 0}, "missing_lines": [230], "excluded_lines": []}, "SpecValidator._validate_security": {"executed_lines": [], "summary": {"covered_lines": 0, "num_statements": 7, "percent_covered": 0.0, "percent_covered_display": "0.00", "missing_lines": 7, "excluded_lines": 0}, "missing_lines": [238, 239, 240, 243, 244, 245, 250], "excluded_lines": []}, "SpecValidator._extract_security_schemes": {"executed_lines": [], "summary": {"covered_lines": 0, "num_statements": 4, "percent_covered": 0.0, "percent_covered_display": "0.00", "missing_lines": 4, "excluded_lines": 0}, "missing_lines": [254, 255, 256, 257], "excluded_lines": []}, "SpecValidator._find_referenced_security_schemes": {"executed_lines": [], "summary": {"covered_lines": 0, "num_statements": 11, "percent_covered": 0.0, "percent_covered_display": "0.00", "missing_lines": 11, "excluded_lines": 0}, "missing_lines": [261, 262, 264, 265, 267, 268, 269, 270, 271, 272, 274], "excluded_lines": []}, "SpecValidator._extract_schemes_from_operation": {"executed_lines": [], "summary": {"covered_lines": 0, "num_statements": 7, "percent_covered": 0.0, "percent_covered_display": "0.00", "missing_lines": 7, "excluded_lines": 0}, "missing_lines": [278, 279, 281, 282, 283, 284, 286], "excluded_lines": []}, "": {"executed_lines": [1, 3, 5, 6, 9, 10, 11, 14, 25, 52, 66, 77, 95, 109, 128, 156, 177, 194, 207, 228, 236, 252, 259, 276], "summary": {"covered_lines": 22, "num_statements": 22, "percent_covered": 100.0, "percent_covered_display": "100.00", "missing_lines": 0, "excluded_lines": 0}, "missing_lines": [], "excluded_lines": []}}, "classes": {"SpecValidator": {"executed_lines": [], "summary": {"covered_lines": 0, "num_statements": 129, "percent_covered": 0.0, "percent_covered_display": "0.00", "missing_lines": 129, "excluded_lines": 0}, "missing_lines": [27, 28, 30, 33, 36, 39, 42, 45, 48, 50, 54, 55, 57, 58, 59, 60, 61, 62, 64, 68, 69, 71, 72, 73, 75, 79, 80, 82, 83, 84, 86, 87, 88, 89, 90, 91, 93, 97, 98, 100, 101, 102, 104, 105, 107, 111, 113, 114, 117, 119, 120, 121, 123, 124, 126, 132, 135, 136, 139, 141, 142, 143, 146, 147, 152, 154, 160, 162, 163, 166, 167, 170, 171, 175, 179, 180, 182, 183, 185, 186, 187, 190, 192, 196, 197, 199, 200, 202, 203, 205, 209, 211, 212, 213, 215, 216, 220, 221, 226, 230, 238, 239, 240, 243, 244, 245, 250, 254, 255, 256, 257, 261, 262, 264, 265, 267, 268, 269, 270, 271, 272, 274, 278, 279, 281, 282, 283, 284, 286], "excluded_lines": []}, "": {"executed_lines": [1, 3, 5, 6, 9, 10, 11, 14, 25, 52, 66, 77, 95, 109, 128, 156, 177, 194, 207, 228, 236, 252, 259, 276], "summary": {"covered_lines": 22, "num_statements": 22, "percent_covered": 100.0, "percent_covered_display": "100.00", "missing_lines": 0, "excluded_lines": 0}, "missing_lines": [], "excluded_lines": []}}}}, "totals": {"covered_lines": 2302, "num_statements": 19489, "percent_covered": 11.81179126686849, "percent_covered_display": "11.81", "missing_lines": 17187, "excluded_lines": 636}}